INFO:root:Reading csv data
INFO:root:Validating data using pandera.
WARNING:py.warnings:/Users/mehuljain/Documents/course_related/ML_Ops/project/Price_Alchemy/.conda/lib/python3.9/site-packages/multimethod/__init__.py:416: DeprecationWarning: base implementation will eventually ignore annotations as `singledispatch does`
  warnings.warn(msg, DeprecationWarning)

WARNING:py.warnings:/Users/mehuljain/Documents/course_related/ML_Ops/project/Price_Alchemy/.conda/lib/python3.9/site-packages/multimethod/__init__.py:416: DeprecationWarning: base implementation will eventually ignore annotations as `singledispatch does`
  warnings.warn(msg, DeprecationWarning)

INFO:root:Result: True 

INFO:root:Validating data using great expectations.
INFO:great_expectations.data_context.data_context.context_factory:Could not find local file-backed GX project
INFO:great_expectations.data_context.types.base:Created temporary directory '/var/folders/ln/ryk6y70j7rg4321f6rt3hxx80000gn/T/tmpvdgores8' for ephemeral docs site
INFO:great_expectations.datasource.fluent.config:Loading 'datasources' ->
[]
WARNING:py.warnings:/Users/mehuljain/Documents/course_related/ML_Ops/project/Price_Alchemy/.conda/lib/python3.9/site-packages/great_expectations/expectations/expectation.py:1515: UserWarning: `result_format` configured at the Validator-level will not be persisted. Please add the configuration to your Checkpoint config or checkpoint_run() method instead.
  warnings.warn(

WARNING:py.warnings:/Users/mehuljain/Documents/course_related/ML_Ops/project/Price_Alchemy/.conda/lib/python3.9/site-packages/great_expectations/expectations/expectation.py:1515: UserWarning: `result_format` configured at the Validator-level will not be persisted. Please add the configuration to your Checkpoint config or checkpoint_run() method instead.
  warnings.warn(

WARNING:py.warnings:/Users/mehuljain/Documents/course_related/ML_Ops/project/Price_Alchemy/.conda/lib/python3.9/site-packages/great_expectations/expectations/expectation.py:1515: UserWarning: `result_format` configured at the Validator-level will not be persisted. Please add the configuration to your Checkpoint config or checkpoint_run() method instead.
  warnings.warn(

WARNING:py.warnings:/Users/mehuljain/Documents/course_related/ML_Ops/project/Price_Alchemy/.conda/lib/python3.9/site-packages/great_expectations/expectations/expectation.py:1515: UserWarning: `result_format` configured at the Validator-level will not be persisted. Please add the configuration to your Checkpoint config or checkpoint_run() method instead.
  warnings.warn(

WARNING:py.warnings:/Users/mehuljain/Documents/course_related/ML_Ops/project/Price_Alchemy/.conda/lib/python3.9/site-packages/great_expectations/expectations/expectation.py:1515: UserWarning: `result_format` configured at the Validator-level will not be persisted. Please add the configuration to your Checkpoint config or checkpoint_run() method instead.
  warnings.warn(

WARNING:py.warnings:/Users/mehuljain/Documents/course_related/ML_Ops/project/Price_Alchemy/.conda/lib/python3.9/site-packages/great_expectations/expectations/expectation.py:1515: UserWarning: `result_format` configured at the Validator-level will not be persisted. Please add the configuration to your Checkpoint config or checkpoint_run() method instead.
  warnings.warn(

WARNING:py.warnings:/Users/mehuljain/Documents/course_related/ML_Ops/project/Price_Alchemy/.conda/lib/python3.9/site-packages/great_expectations/expectations/expectation.py:1515: UserWarning: `result_format` configured at the Validator-level will not be persisted. Please add the configuration to your Checkpoint config or checkpoint_run() method instead.
  warnings.warn(

WARNING:py.warnings:/Users/mehuljain/Documents/course_related/ML_Ops/project/Price_Alchemy/.conda/lib/python3.9/site-packages/great_expectations/expectations/expectation.py:1515: UserWarning: `result_format` configured at the Validator-level will not be persisted. Please add the configuration to your Checkpoint config or checkpoint_run() method instead.
  warnings.warn(

WARNING:py.warnings:/Users/mehuljain/Documents/course_related/ML_Ops/project/Price_Alchemy/.conda/lib/python3.9/site-packages/great_expectations/expectations/expectation.py:1515: UserWarning: `result_format` configured at the Validator-level will not be persisted. Please add the configuration to your Checkpoint config or checkpoint_run() method instead.
  warnings.warn(

WARNING:py.warnings:/Users/mehuljain/Documents/course_related/ML_Ops/project/Price_Alchemy/.conda/lib/python3.9/site-packages/great_expectations/expectations/expectation.py:1515: UserWarning: `result_format` configured at the Validator-level will not be persisted. Please add the configuration to your Checkpoint config or checkpoint_run() method instead.
  warnings.warn(

WARNING:py.warnings:/Users/mehuljain/Documents/course_related/ML_Ops/project/Price_Alchemy/.conda/lib/python3.9/site-packages/great_expectations/expectations/expectation.py:1515: UserWarning: `result_format` configured at the Validator-level will not be persisted. Please add the configuration to your Checkpoint config or checkpoint_run() method instead.
  warnings.warn(

WARNING:py.warnings:/Users/mehuljain/Documents/course_related/ML_Ops/project/Price_Alchemy/.conda/lib/python3.9/site-packages/great_expectations/expectations/expectation.py:1515: UserWarning: `result_format` configured at the Validator-level will not be persisted. Please add the configuration to your Checkpoint config or checkpoint_run() method instead.
  warnings.warn(

WARNING:py.warnings:/Users/mehuljain/Documents/course_related/ML_Ops/project/Price_Alchemy/.conda/lib/python3.9/site-packages/great_expectations/expectations/expectation.py:1515: UserWarning: `result_format` configured at the Validator-level will not be persisted. Please add the configuration to your Checkpoint config or checkpoint_run() method instead.
  warnings.warn(

WARNING:py.warnings:/Users/mehuljain/Documents/course_related/ML_Ops/project/Price_Alchemy/.conda/lib/python3.9/site-packages/great_expectations/expectations/expectation.py:1515: UserWarning: `result_format` configured at the Validator-level will not be persisted. Please add the configuration to your Checkpoint config or checkpoint_run() method instead.
  warnings.warn(

WARNING:py.warnings:/Users/mehuljain/Documents/course_related/ML_Ops/project/Price_Alchemy/.conda/lib/python3.9/site-packages/great_expectations/expectations/expectation.py:1515: UserWarning: `result_format` configured at the Validator-level will not be persisted. Please add the configuration to your Checkpoint config or checkpoint_run() method instead.
  warnings.warn(

WARNING:py.warnings:/Users/mehuljain/Documents/course_related/ML_Ops/project/Price_Alchemy/.conda/lib/python3.9/site-packages/great_expectations/expectations/expectation.py:1515: UserWarning: `result_format` configured at the Validator-level will not be persisted. Please add the configuration to your Checkpoint config or checkpoint_run() method instead.
  warnings.warn(

WARNING:py.warnings:/Users/mehuljain/Documents/course_related/ML_Ops/project/Price_Alchemy/.conda/lib/python3.9/site-packages/great_expectations/expectations/expectation.py:1515: UserWarning: `result_format` configured at the Validator-level will not be persisted. Please add the configuration to your Checkpoint config or checkpoint_run() method instead.
  warnings.warn(

WARNING:py.warnings:/Users/mehuljain/Documents/course_related/ML_Ops/project/Price_Alchemy/.conda/lib/python3.9/site-packages/great_expectations/expectations/expectation.py:1515: UserWarning: `result_format` configured at the Validator-level will not be persisted. Please add the configuration to your Checkpoint config or checkpoint_run() method instead.
  warnings.warn(

WARNING:py.warnings:/Users/mehuljain/Documents/course_related/ML_Ops/project/Price_Alchemy/.conda/lib/python3.9/site-packages/great_expectations/expectations/expectation.py:1515: UserWarning: `result_format` configured at the Validator-level will not be persisted. Please add the configuration to your Checkpoint config or checkpoint_run() method instead.
  warnings.warn(

WARNING:py.warnings:/Users/mehuljain/Documents/course_related/ML_Ops/project/Price_Alchemy/.conda/lib/python3.9/site-packages/great_expectations/expectations/expectation.py:1515: UserWarning: `result_format` configured at the Validator-level will not be persisted. Please add the configuration to your Checkpoint config or checkpoint_run() method instead.
  warnings.warn(

WARNING:py.warnings:/Users/mehuljain/Documents/course_related/ML_Ops/project/Price_Alchemy/.conda/lib/python3.9/site-packages/great_expectations/expectations/expectation.py:1515: UserWarning: `result_format` configured at the Validator-level will not be persisted. Please add the configuration to your Checkpoint config or checkpoint_run() method instead.
  warnings.warn(

WARNING:py.warnings:/Users/mehuljain/Documents/course_related/ML_Ops/project/Price_Alchemy/.conda/lib/python3.9/site-packages/great_expectations/expectations/expectation.py:1515: UserWarning: `result_format` configured at the Validator-level will not be persisted. Please add the configuration to your Checkpoint config or checkpoint_run() method instead.
  warnings.warn(

WARNING:py.warnings:/Users/mehuljain/Documents/course_related/ML_Ops/project/Price_Alchemy/.conda/lib/python3.9/site-packages/great_expectations/expectations/expectation.py:1515: UserWarning: `result_format` configured at the Validator-level will not be persisted. Please add the configuration to your Checkpoint config or checkpoint_run() method instead.
  warnings.warn(

WARNING:py.warnings:/Users/mehuljain/Documents/course_related/ML_Ops/project/Price_Alchemy/.conda/lib/python3.9/site-packages/great_expectations/expectations/expectation.py:1515: UserWarning: `result_format` configured at the Validator-level will not be persisted. Please add the configuration to your Checkpoint config or checkpoint_run() method instead.
  warnings.warn(

WARNING:py.warnings:/Users/mehuljain/Documents/course_related/ML_Ops/project/Price_Alchemy/.conda/lib/python3.9/site-packages/great_expectations/expectations/expectation.py:1515: UserWarning: `result_format` configured at the Validator-level will not be persisted. Please add the configuration to your Checkpoint config or checkpoint_run() method instead.
  warnings.warn(

WARNING:py.warnings:/Users/mehuljain/Documents/course_related/ML_Ops/project/Price_Alchemy/.conda/lib/python3.9/site-packages/great_expectations/expectations/expectation.py:1515: UserWarning: `result_format` configured at the Validator-level will not be persisted. Please add the configuration to your Checkpoint config or checkpoint_run() method instead.
  warnings.warn(

WARNING:py.warnings:/Users/mehuljain/Documents/course_related/ML_Ops/project/Price_Alchemy/.conda/lib/python3.9/site-packages/great_expectations/expectations/expectation.py:1515: UserWarning: `result_format` configured at the Validator-level will not be persisted. Please add the configuration to your Checkpoint config or checkpoint_run() method instead.
  warnings.warn(

WARNING:py.warnings:/Users/mehuljain/Documents/course_related/ML_Ops/project/Price_Alchemy/.conda/lib/python3.9/site-packages/great_expectations/expectations/expectation.py:1515: UserWarning: `result_format` configured at the Validator-level will not be persisted. Please add the configuration to your Checkpoint config or checkpoint_run() method instead.
  warnings.warn(

WARNING:py.warnings:/Users/mehuljain/Documents/course_related/ML_Ops/project/Price_Alchemy/.conda/lib/python3.9/site-packages/great_expectations/expectations/expectation.py:1515: UserWarning: `result_format` configured at the Validator-level will not be persisted. Please add the configuration to your Checkpoint config or checkpoint_run() method instead.
  warnings.warn(

INFO:great_expectations.validator.validator:	29 expectation(s) included in expectation_suite.
INFO:great_expectations.validator.validator:	29 expectation(s) included in expectation_suite.
INFO:root:Result: True
