[2024-03-02T16:51:59.387+0000] {taskinstance.py:1979} INFO - Dependencies all met for dep_context=non-requeueable deps ti=<TaskInstance: tutorial.templated manual__2024-03-02T16:51:57.142101+00:00 [queued]>
[2024-03-02T16:51:59.396+0000] {taskinstance.py:1979} INFO - Dependencies all met for dep_context=requeueable deps ti=<TaskInstance: tutorial.templated manual__2024-03-02T16:51:57.142101+00:00 [queued]>
[2024-03-02T16:51:59.396+0000] {taskinstance.py:2193} INFO - Starting attempt 1 of 2
[2024-03-02T16:51:59.408+0000] {taskinstance.py:2214} INFO - Executing <Task(BashOperator): templated> on 2024-03-02 16:51:57.142101+00:00
[2024-03-02T16:51:59.414+0000] {standard_task_runner.py:60} INFO - Started process 213 to run task
[2024-03-02T16:51:59.417+0000] {standard_task_runner.py:87} INFO - Running: ['***', 'tasks', 'run', 'tutorial', 'templated', 'manual__2024-03-02T16:51:57.142101+00:00', '--job-id', '9', '--raw', '--subdir', '/home/***/.local/lib/python3.11/site-packages/***/example_dags/tutorial.py', '--cfg-path', '/tmp/tmplbxthz58']
[2024-03-02T16:51:59.421+0000] {standard_task_runner.py:88} INFO - Job 9: Subtask templated
[2024-03-02T16:51:59.452+0000] {task_command.py:423} INFO - Running <TaskInstance: tutorial.templated manual__2024-03-02T16:51:57.142101+00:00 [running]> on host 45201a94a02f
[2024-03-02T16:51:59.677+0000] {taskinstance.py:2510} INFO - Exporting env vars: AIRFLOW_CTX_DAG_EMAIL='***@example.com' AIRFLOW_CTX_DAG_OWNER='***' AIRFLOW_CTX_DAG_ID='tutorial' AIRFLOW_CTX_TASK_ID='templated' AIRFLOW_CTX_EXECUTION_DATE='2024-03-02T16:51:57.142101+00:00' AIRFLOW_CTX_TRY_NUMBER='1' AIRFLOW_CTX_DAG_RUN_ID='manual__2024-03-02T16:51:57.142101+00:00'
[2024-03-02T16:51:59.685+0000] {subprocess.py:63} INFO - Tmp dir root location: /tmp
[2024-03-02T16:51:59.686+0000] {subprocess.py:75} INFO - Running command: ['/usr/bin/bash', '-c', '\n\n    echo "2024-03-02"\n    echo "2024-03-09"\n\n    echo "2024-03-02"\n    echo "2024-03-09"\n\n    echo "2024-03-02"\n    echo "2024-03-09"\n\n    echo "2024-03-02"\n    echo "2024-03-09"\n\n    echo "2024-03-02"\n    echo "2024-03-09"\n']
[2024-03-02T16:51:59.698+0000] {subprocess.py:86} INFO - Output:
[2024-03-02T16:51:59.700+0000] {subprocess.py:93} INFO - 2024-03-02
[2024-03-02T16:51:59.702+0000] {subprocess.py:93} INFO - 2024-03-09
[2024-03-02T16:51:59.702+0000] {subprocess.py:93} INFO - 2024-03-02
[2024-03-02T16:51:59.704+0000] {subprocess.py:93} INFO - 2024-03-09
[2024-03-02T16:51:59.705+0000] {subprocess.py:93} INFO - 2024-03-02
[2024-03-02T16:51:59.705+0000] {subprocess.py:93} INFO - 2024-03-09
[2024-03-02T16:51:59.706+0000] {subprocess.py:93} INFO - 2024-03-02
[2024-03-02T16:51:59.706+0000] {subprocess.py:93} INFO - 2024-03-09
[2024-03-02T16:51:59.706+0000] {subprocess.py:93} INFO - 2024-03-02
[2024-03-02T16:51:59.707+0000] {subprocess.py:93} INFO - 2024-03-09
[2024-03-02T16:51:59.707+0000] {subprocess.py:97} INFO - Command exited with return code 0
[2024-03-02T16:51:59.818+0000] {taskinstance.py:1149} INFO - Marking task as SUCCESS. dag_id=tutorial, task_id=templated, execution_date=20240302T165157, start_date=20240302T165159, end_date=20240302T165159
[2024-03-02T16:51:59.847+0000] {local_task_job_runner.py:234} INFO - Task exited with return code 0
[2024-03-02T16:51:59.865+0000] {taskinstance.py:3309} INFO - 0 downstream tasks scheduled from follow-on schedule check
