[2024-03-02T16:47:16.780+0000] {taskinstance.py:1979} INFO - Dependencies all met for dep_context=non-requeueable deps ti=<TaskInstance: tutorial.templated scheduled__2024-03-01T00:00:00+00:00 [queued]>
[2024-03-02T16:47:16.787+0000] {taskinstance.py:1979} INFO - Dependencies all met for dep_context=requeueable deps ti=<TaskInstance: tutorial.templated scheduled__2024-03-01T00:00:00+00:00 [queued]>
[2024-03-02T16:47:16.788+0000] {taskinstance.py:2193} INFO - Starting attempt 1 of 2
[2024-03-02T16:47:16.796+0000] {taskinstance.py:2214} INFO - Executing <Task(BashOperator): templated> on 2024-03-01 00:00:00+00:00
[2024-03-02T16:47:16.803+0000] {standard_task_runner.py:60} INFO - Started process 140 to run task
[2024-03-02T16:47:16.808+0000] {standard_task_runner.py:87} INFO - Running: ['***', 'tasks', 'run', 'tutorial', 'templated', 'scheduled__2024-03-01T00:00:00+00:00', '--job-id', '7', '--raw', '--subdir', '/home/***/.local/lib/python3.11/site-packages/***/example_dags/tutorial.py', '--cfg-path', '/tmp/tmp5f7p6lz_']
[2024-03-02T16:47:16.814+0000] {standard_task_runner.py:88} INFO - Job 7: Subtask templated
[2024-03-02T16:47:16.914+0000] {task_command.py:423} INFO - Running <TaskInstance: tutorial.templated scheduled__2024-03-01T00:00:00+00:00 [running]> on host 45201a94a02f
[2024-03-02T16:47:17.058+0000] {taskinstance.py:2510} INFO - Exporting env vars: AIRFLOW_CTX_DAG_EMAIL='***@example.com' AIRFLOW_CTX_DAG_OWNER='***' AIRFLOW_CTX_DAG_ID='tutorial' AIRFLOW_CTX_TASK_ID='templated' AIRFLOW_CTX_EXECUTION_DATE='2024-03-01T00:00:00+00:00' AIRFLOW_CTX_TRY_NUMBER='1' AIRFLOW_CTX_DAG_RUN_ID='scheduled__2024-03-01T00:00:00+00:00'
[2024-03-02T16:47:17.062+0000] {subprocess.py:63} INFO - Tmp dir root location: /tmp
[2024-03-02T16:47:17.062+0000] {subprocess.py:75} INFO - Running command: ['/usr/bin/bash', '-c', '\n\n    echo "2024-03-01"\n    echo "2024-03-08"\n\n    echo "2024-03-01"\n    echo "2024-03-08"\n\n    echo "2024-03-01"\n    echo "2024-03-08"\n\n    echo "2024-03-01"\n    echo "2024-03-08"\n\n    echo "2024-03-01"\n    echo "2024-03-08"\n']
[2024-03-02T16:47:17.074+0000] {subprocess.py:86} INFO - Output:
[2024-03-02T16:47:17.077+0000] {subprocess.py:93} INFO - 2024-03-01
[2024-03-02T16:47:17.077+0000] {subprocess.py:93} INFO - 2024-03-08
[2024-03-02T16:47:17.078+0000] {subprocess.py:93} INFO - 2024-03-01
[2024-03-02T16:47:17.078+0000] {subprocess.py:93} INFO - 2024-03-08
[2024-03-02T16:47:17.078+0000] {subprocess.py:93} INFO - 2024-03-01
[2024-03-02T16:47:17.078+0000] {subprocess.py:93} INFO - 2024-03-08
[2024-03-02T16:47:17.078+0000] {subprocess.py:93} INFO - 2024-03-01
[2024-03-02T16:47:17.078+0000] {subprocess.py:93} INFO - 2024-03-08
[2024-03-02T16:47:17.079+0000] {subprocess.py:93} INFO - 2024-03-01
[2024-03-02T16:47:17.079+0000] {subprocess.py:93} INFO - 2024-03-08
[2024-03-02T16:47:17.080+0000] {subprocess.py:97} INFO - Command exited with return code 0
[2024-03-02T16:47:17.141+0000] {taskinstance.py:1149} INFO - Marking task as SUCCESS. dag_id=tutorial, task_id=templated, execution_date=20240301T000000, start_date=20240302T164716, end_date=20240302T164717
[2024-03-02T16:47:17.198+0000] {local_task_job_runner.py:234} INFO - Task exited with return code 0
[2024-03-02T16:47:17.212+0000] {taskinstance.py:3309} INFO - 0 downstream tasks scheduled from follow-on schedule check
