[2024-03-02T23:42:41.049+0000] {processor.py:161} INFO - Started process (PID=7334) to work on /home/airflow/.local/lib/python3.11/site-packages/airflow/example_dags/example_sensor_decorator.py
[2024-03-02T23:42:41.049+0000] {processor.py:830} INFO - Processing file /home/airflow/.local/lib/python3.11/site-packages/airflow/example_dags/example_sensor_decorator.py for tasks to queue
[2024-03-02T23:42:41.051+0000] {logging_mixin.py:188} INFO - [2024-03-02T23:42:41.050+0000] {dagbag.py:540} INFO - Filling up the DagBag from /home/airflow/.local/lib/python3.11/site-packages/airflow/example_dags/example_sensor_decorator.py
[2024-03-02T23:42:41.054+0000] {processor.py:840} INFO - DAG(s) 'example_sensor_decorator' retrieved from /home/airflow/.local/lib/python3.11/site-packages/airflow/example_dags/example_sensor_decorator.py
[2024-03-02T23:42:41.065+0000] {logging_mixin.py:188} INFO - [2024-03-02T23:42:41.065+0000] {dag.py:3047} INFO - Sync 1 DAGs
[2024-03-02T23:42:41.071+0000] {logging_mixin.py:188} INFO - [2024-03-02T23:42:41.071+0000] {dag.py:3834} INFO - Setting next_dagrun for example_sensor_decorator to None, run_after=None
[2024-03-02T23:42:41.079+0000] {processor.py:183} INFO - Processing /home/airflow/.local/lib/python3.11/site-packages/airflow/example_dags/example_sensor_decorator.py took 0.033 seconds
[2024-03-02T23:43:11.199+0000] {processor.py:161} INFO - Started process (PID=7390) to work on /home/airflow/.local/lib/python3.11/site-packages/airflow/example_dags/example_sensor_decorator.py
[2024-03-02T23:43:11.200+0000] {processor.py:830} INFO - Processing file /home/airflow/.local/lib/python3.11/site-packages/airflow/example_dags/example_sensor_decorator.py for tasks to queue
[2024-03-02T23:43:11.201+0000] {logging_mixin.py:188} INFO - [2024-03-02T23:43:11.201+0000] {dagbag.py:540} INFO - Filling up the DagBag from /home/airflow/.local/lib/python3.11/site-packages/airflow/example_dags/example_sensor_decorator.py
[2024-03-02T23:43:11.204+0000] {processor.py:840} INFO - DAG(s) 'example_sensor_decorator' retrieved from /home/airflow/.local/lib/python3.11/site-packages/airflow/example_dags/example_sensor_decorator.py
[2024-03-02T23:43:11.215+0000] {logging_mixin.py:188} INFO - [2024-03-02T23:43:11.215+0000] {dag.py:3047} INFO - Sync 1 DAGs
[2024-03-02T23:43:11.220+0000] {logging_mixin.py:188} INFO - [2024-03-02T23:43:11.220+0000] {dag.py:3834} INFO - Setting next_dagrun for example_sensor_decorator to None, run_after=None
[2024-03-02T23:43:11.229+0000] {processor.py:183} INFO - Processing /home/airflow/.local/lib/python3.11/site-packages/airflow/example_dags/example_sensor_decorator.py took 0.032 seconds
[2024-03-02T23:43:41.460+0000] {processor.py:161} INFO - Started process (PID=7446) to work on /home/airflow/.local/lib/python3.11/site-packages/airflow/example_dags/example_sensor_decorator.py
[2024-03-02T23:43:41.460+0000] {processor.py:830} INFO - Processing file /home/airflow/.local/lib/python3.11/site-packages/airflow/example_dags/example_sensor_decorator.py for tasks to queue
[2024-03-02T23:43:41.462+0000] {logging_mixin.py:188} INFO - [2024-03-02T23:43:41.461+0000] {dagbag.py:540} INFO - Filling up the DagBag from /home/airflow/.local/lib/python3.11/site-packages/airflow/example_dags/example_sensor_decorator.py
[2024-03-02T23:43:41.465+0000] {processor.py:840} INFO - DAG(s) 'example_sensor_decorator' retrieved from /home/airflow/.local/lib/python3.11/site-packages/airflow/example_dags/example_sensor_decorator.py
[2024-03-02T23:43:41.480+0000] {logging_mixin.py:188} INFO - [2024-03-02T23:43:41.480+0000] {dag.py:3047} INFO - Sync 1 DAGs
[2024-03-02T23:43:41.486+0000] {logging_mixin.py:188} INFO - [2024-03-02T23:43:41.486+0000] {dag.py:3834} INFO - Setting next_dagrun for example_sensor_decorator to None, run_after=None
[2024-03-02T23:43:41.495+0000] {processor.py:183} INFO - Processing /home/airflow/.local/lib/python3.11/site-packages/airflow/example_dags/example_sensor_decorator.py took 0.038 seconds
