[2024-03-02T23:42:41.704+0000] {processor.py:161} INFO - Started process (PID=7347) to work on /home/airflow/.local/lib/python3.11/site-packages/airflow/example_dags/example_sla_dag.py
[2024-03-02T23:42:41.705+0000] {processor.py:830} INFO - Processing file /home/airflow/.local/lib/python3.11/site-packages/airflow/example_dags/example_sla_dag.py for tasks to queue
[2024-03-02T23:42:41.708+0000] {logging_mixin.py:188} INFO - [2024-03-02T23:42:41.707+0000] {dagbag.py:540} INFO - Filling up the DagBag from /home/airflow/.local/lib/python3.11/site-packages/airflow/example_dags/example_sla_dag.py
[2024-03-02T23:42:41.715+0000] {processor.py:840} INFO - DAG(s) 'example_sla_dag' retrieved from /home/airflow/.local/lib/python3.11/site-packages/airflow/example_dags/example_sla_dag.py
[2024-03-02T23:42:41.731+0000] {logging_mixin.py:188} INFO - [2024-03-02T23:42:41.730+0000] {dag.py:3047} INFO - Sync 1 DAGs
[2024-03-02T23:42:41.748+0000] {logging_mixin.py:188} INFO - [2024-03-02T23:42:41.748+0000] {dag.py:3834} INFO - Setting next_dagrun for example_sla_dag to 2024-03-02 23:40:00+00:00, run_after=2024-03-02 23:42:00+00:00
[2024-03-02T23:42:41.763+0000] {processor.py:183} INFO - Processing /home/airflow/.local/lib/python3.11/site-packages/airflow/example_dags/example_sla_dag.py took 0.062 seconds
[2024-03-02T23:43:12.581+0000] {processor.py:161} INFO - Started process (PID=7403) to work on /home/airflow/.local/lib/python3.11/site-packages/airflow/example_dags/example_sla_dag.py
[2024-03-02T23:43:12.582+0000] {processor.py:830} INFO - Processing file /home/airflow/.local/lib/python3.11/site-packages/airflow/example_dags/example_sla_dag.py for tasks to queue
[2024-03-02T23:43:12.583+0000] {logging_mixin.py:188} INFO - [2024-03-02T23:43:12.582+0000] {dagbag.py:540} INFO - Filling up the DagBag from /home/airflow/.local/lib/python3.11/site-packages/airflow/example_dags/example_sla_dag.py
[2024-03-02T23:43:12.587+0000] {processor.py:840} INFO - DAG(s) 'example_sla_dag' retrieved from /home/airflow/.local/lib/python3.11/site-packages/airflow/example_dags/example_sla_dag.py
[2024-03-02T23:43:12.597+0000] {logging_mixin.py:188} INFO - [2024-03-02T23:43:12.597+0000] {dag.py:3047} INFO - Sync 1 DAGs
[2024-03-02T23:43:12.608+0000] {logging_mixin.py:188} INFO - [2024-03-02T23:43:12.608+0000] {dag.py:3834} INFO - Setting next_dagrun for example_sla_dag to 2024-03-02 23:40:00+00:00, run_after=2024-03-02 23:42:00+00:00
[2024-03-02T23:43:12.617+0000] {processor.py:183} INFO - Processing /home/airflow/.local/lib/python3.11/site-packages/airflow/example_dags/example_sla_dag.py took 0.037 seconds
[2024-03-02T23:43:42.934+0000] {processor.py:161} INFO - Started process (PID=7459) to work on /home/airflow/.local/lib/python3.11/site-packages/airflow/example_dags/example_sla_dag.py
[2024-03-02T23:43:42.935+0000] {processor.py:830} INFO - Processing file /home/airflow/.local/lib/python3.11/site-packages/airflow/example_dags/example_sla_dag.py for tasks to queue
[2024-03-02T23:43:42.936+0000] {logging_mixin.py:188} INFO - [2024-03-02T23:43:42.936+0000] {dagbag.py:540} INFO - Filling up the DagBag from /home/airflow/.local/lib/python3.11/site-packages/airflow/example_dags/example_sla_dag.py
[2024-03-02T23:43:42.941+0000] {processor.py:840} INFO - DAG(s) 'example_sla_dag' retrieved from /home/airflow/.local/lib/python3.11/site-packages/airflow/example_dags/example_sla_dag.py
[2024-03-02T23:43:42.956+0000] {logging_mixin.py:188} INFO - [2024-03-02T23:43:42.956+0000] {dag.py:3047} INFO - Sync 1 DAGs
[2024-03-02T23:43:42.972+0000] {logging_mixin.py:188} INFO - [2024-03-02T23:43:42.972+0000] {dag.py:3834} INFO - Setting next_dagrun for example_sla_dag to 2024-03-02 23:40:00+00:00, run_after=2024-03-02 23:42:00+00:00
[2024-03-02T23:43:42.984+0000] {processor.py:183} INFO - Processing /home/airflow/.local/lib/python3.11/site-packages/airflow/example_dags/example_sla_dag.py took 0.052 seconds
