[2024-03-02T23:42:38.466+0000] {processor.py:161} INFO - Started process (PID=7322) to work on /home/airflow/.local/lib/python3.11/site-packages/airflow/example_dags/example_trigger_target_dag.py
[2024-03-02T23:42:38.467+0000] {processor.py:830} INFO - Processing file /home/airflow/.local/lib/python3.11/site-packages/airflow/example_dags/example_trigger_target_dag.py for tasks to queue
[2024-03-02T23:42:38.469+0000] {logging_mixin.py:188} INFO - [2024-03-02T23:42:38.468+0000] {dagbag.py:540} INFO - Filling up the DagBag from /home/airflow/.local/lib/python3.11/site-packages/airflow/example_dags/example_trigger_target_dag.py
[2024-03-02T23:42:38.472+0000] {processor.py:840} INFO - DAG(s) 'example_trigger_target_dag' retrieved from /home/airflow/.local/lib/python3.11/site-packages/airflow/example_dags/example_trigger_target_dag.py
[2024-03-02T23:42:38.486+0000] {logging_mixin.py:188} INFO - [2024-03-02T23:42:38.486+0000] {dag.py:3047} INFO - Sync 1 DAGs
[2024-03-02T23:42:38.492+0000] {logging_mixin.py:188} INFO - [2024-03-02T23:42:38.492+0000] {dag.py:3834} INFO - Setting next_dagrun for example_trigger_target_dag to None, run_after=None
[2024-03-02T23:42:38.507+0000] {processor.py:183} INFO - Processing /home/airflow/.local/lib/python3.11/site-packages/airflow/example_dags/example_trigger_target_dag.py took 0.043 seconds
[2024-03-02T23:43:08.802+0000] {processor.py:161} INFO - Started process (PID=7378) to work on /home/airflow/.local/lib/python3.11/site-packages/airflow/example_dags/example_trigger_target_dag.py
[2024-03-02T23:43:08.802+0000] {processor.py:830} INFO - Processing file /home/airflow/.local/lib/python3.11/site-packages/airflow/example_dags/example_trigger_target_dag.py for tasks to queue
[2024-03-02T23:43:08.803+0000] {logging_mixin.py:188} INFO - [2024-03-02T23:43:08.803+0000] {dagbag.py:540} INFO - Filling up the DagBag from /home/airflow/.local/lib/python3.11/site-packages/airflow/example_dags/example_trigger_target_dag.py
[2024-03-02T23:43:08.807+0000] {processor.py:840} INFO - DAG(s) 'example_trigger_target_dag' retrieved from /home/airflow/.local/lib/python3.11/site-packages/airflow/example_dags/example_trigger_target_dag.py
[2024-03-02T23:43:08.818+0000] {logging_mixin.py:188} INFO - [2024-03-02T23:43:08.818+0000] {dag.py:3047} INFO - Sync 1 DAGs
[2024-03-02T23:43:08.824+0000] {logging_mixin.py:188} INFO - [2024-03-02T23:43:08.824+0000] {dag.py:3834} INFO - Setting next_dagrun for example_trigger_target_dag to None, run_after=None
[2024-03-02T23:43:08.832+0000] {processor.py:183} INFO - Processing /home/airflow/.local/lib/python3.11/site-packages/airflow/example_dags/example_trigger_target_dag.py took 0.032 seconds
[2024-03-02T23:43:39.059+0000] {processor.py:161} INFO - Started process (PID=7434) to work on /home/airflow/.local/lib/python3.11/site-packages/airflow/example_dags/example_trigger_target_dag.py
[2024-03-02T23:43:39.059+0000] {processor.py:830} INFO - Processing file /home/airflow/.local/lib/python3.11/site-packages/airflow/example_dags/example_trigger_target_dag.py for tasks to queue
[2024-03-02T23:43:39.061+0000] {logging_mixin.py:188} INFO - [2024-03-02T23:43:39.060+0000] {dagbag.py:540} INFO - Filling up the DagBag from /home/airflow/.local/lib/python3.11/site-packages/airflow/example_dags/example_trigger_target_dag.py
[2024-03-02T23:43:39.064+0000] {processor.py:840} INFO - DAG(s) 'example_trigger_target_dag' retrieved from /home/airflow/.local/lib/python3.11/site-packages/airflow/example_dags/example_trigger_target_dag.py
[2024-03-02T23:43:39.075+0000] {logging_mixin.py:188} INFO - [2024-03-02T23:43:39.075+0000] {dag.py:3047} INFO - Sync 1 DAGs
[2024-03-02T23:43:39.081+0000] {logging_mixin.py:188} INFO - [2024-03-02T23:43:39.081+0000] {dag.py:3834} INFO - Setting next_dagrun for example_trigger_target_dag to None, run_after=None
[2024-03-02T23:43:39.090+0000] {processor.py:183} INFO - Processing /home/airflow/.local/lib/python3.11/site-packages/airflow/example_dags/example_trigger_target_dag.py took 0.033 seconds
