[2024-03-02T23:42:38.347+0000] {processor.py:161} INFO - Started process (PID=7319) to work on /home/airflow/.local/lib/python3.11/site-packages/airflow/example_dags/example_datasets.py
[2024-03-02T23:42:38.348+0000] {processor.py:830} INFO - Processing file /home/airflow/.local/lib/python3.11/site-packages/airflow/example_dags/example_datasets.py for tasks to queue
[2024-03-02T23:42:38.349+0000] {logging_mixin.py:188} INFO - [2024-03-02T23:42:38.349+0000] {dagbag.py:540} INFO - Filling up the DagBag from /home/airflow/.local/lib/python3.11/site-packages/airflow/example_dags/example_datasets.py
[2024-03-02T23:42:38.354+0000] {processor.py:840} INFO - DAG(s) 'dataset_produces_2', 'dataset_produces_1', 'dataset_consumes_1', 'dataset_consumes_unknown_never_scheduled', 'dataset_consumes_1_never_scheduled', 'dataset_consumes_1_and_2' retrieved from /home/airflow/.local/lib/python3.11/site-packages/airflow/example_dags/example_datasets.py
[2024-03-02T23:42:38.370+0000] {logging_mixin.py:188} INFO - [2024-03-02T23:42:38.370+0000] {dag.py:3047} INFO - Sync 6 DAGs
[2024-03-02T23:42:38.386+0000] {logging_mixin.py:188} INFO - [2024-03-02T23:42:38.385+0000] {dag.py:3834} INFO - Setting next_dagrun for dataset_consumes_1 to None, run_after=None
[2024-03-02T23:42:38.394+0000] {logging_mixin.py:188} INFO - [2024-03-02T23:42:38.393+0000] {dag.py:3834} INFO - Setting next_dagrun for dataset_consumes_1_and_2 to None, run_after=None
[2024-03-02T23:42:38.396+0000] {logging_mixin.py:188} INFO - [2024-03-02T23:42:38.395+0000] {dag.py:3834} INFO - Setting next_dagrun for dataset_consumes_1_never_scheduled to None, run_after=None
[2024-03-02T23:42:38.397+0000] {logging_mixin.py:188} INFO - [2024-03-02T23:42:38.397+0000] {dag.py:3834} INFO - Setting next_dagrun for dataset_consumes_unknown_never_scheduled to None, run_after=None
[2024-03-02T23:42:38.399+0000] {logging_mixin.py:188} INFO - [2024-03-02T23:42:38.399+0000] {dag.py:3834} INFO - Setting next_dagrun for dataset_produces_1 to 2024-03-01 00:00:00+00:00, run_after=2024-03-02 00:00:00+00:00
[2024-03-02T23:42:38.400+0000] {logging_mixin.py:188} INFO - [2024-03-02T23:42:38.399+0000] {dag.py:3834} INFO - Setting next_dagrun for dataset_produces_2 to None, run_after=None
[2024-03-02T23:42:38.428+0000] {processor.py:183} INFO - Processing /home/airflow/.local/lib/python3.11/site-packages/airflow/example_dags/example_datasets.py took 0.083 seconds
[2024-03-02T23:43:08.693+0000] {processor.py:161} INFO - Started process (PID=7374) to work on /home/airflow/.local/lib/python3.11/site-packages/airflow/example_dags/example_datasets.py
[2024-03-02T23:43:08.694+0000] {processor.py:830} INFO - Processing file /home/airflow/.local/lib/python3.11/site-packages/airflow/example_dags/example_datasets.py for tasks to queue
[2024-03-02T23:43:08.695+0000] {logging_mixin.py:188} INFO - [2024-03-02T23:43:08.695+0000] {dagbag.py:540} INFO - Filling up the DagBag from /home/airflow/.local/lib/python3.11/site-packages/airflow/example_dags/example_datasets.py
[2024-03-02T23:43:08.701+0000] {processor.py:840} INFO - DAG(s) 'dataset_consumes_1', 'dataset_produces_2', 'dataset_consumes_unknown_never_scheduled', 'dataset_consumes_1_and_2', 'dataset_consumes_1_never_scheduled', 'dataset_produces_1' retrieved from /home/airflow/.local/lib/python3.11/site-packages/airflow/example_dags/example_datasets.py
[2024-03-02T23:43:08.717+0000] {logging_mixin.py:188} INFO - [2024-03-02T23:43:08.717+0000] {dag.py:3047} INFO - Sync 6 DAGs
[2024-03-02T23:43:08.727+0000] {logging_mixin.py:188} INFO - [2024-03-02T23:43:08.727+0000] {dag.py:3834} INFO - Setting next_dagrun for dataset_consumes_1 to None, run_after=None
[2024-03-02T23:43:08.729+0000] {logging_mixin.py:188} INFO - [2024-03-02T23:43:08.729+0000] {dag.py:3834} INFO - Setting next_dagrun for dataset_consumes_1_and_2 to None, run_after=None
[2024-03-02T23:43:08.730+0000] {logging_mixin.py:188} INFO - [2024-03-02T23:43:08.730+0000] {dag.py:3834} INFO - Setting next_dagrun for dataset_consumes_1_never_scheduled to None, run_after=None
[2024-03-02T23:43:08.731+0000] {logging_mixin.py:188} INFO - [2024-03-02T23:43:08.731+0000] {dag.py:3834} INFO - Setting next_dagrun for dataset_consumes_unknown_never_scheduled to None, run_after=None
[2024-03-02T23:43:08.733+0000] {logging_mixin.py:188} INFO - [2024-03-02T23:43:08.733+0000] {dag.py:3834} INFO - Setting next_dagrun for dataset_produces_1 to 2024-03-01 00:00:00+00:00, run_after=2024-03-02 00:00:00+00:00
[2024-03-02T23:43:08.734+0000] {logging_mixin.py:188} INFO - [2024-03-02T23:43:08.734+0000] {dag.py:3834} INFO - Setting next_dagrun for dataset_produces_2 to None, run_after=None
[2024-03-02T23:43:08.751+0000] {processor.py:183} INFO - Processing /home/airflow/.local/lib/python3.11/site-packages/airflow/example_dags/example_datasets.py took 0.059 seconds
