[2024-03-02T23:42:41.915+0000] {processor.py:161} INFO - Started process (PID=7354) to work on /home/airflow/.local/lib/python3.11/site-packages/airflow/example_dags/example_subdag_operator.py
[2024-03-02T23:42:41.916+0000] {processor.py:830} INFO - Processing file /home/airflow/.local/lib/python3.11/site-packages/airflow/example_dags/example_subdag_operator.py for tasks to queue
[2024-03-02T23:42:41.918+0000] {logging_mixin.py:188} INFO - [2024-03-02T23:42:41.917+0000] {dagbag.py:540} INFO - Filling up the DagBag from /home/airflow/.local/lib/python3.11/site-packages/airflow/example_dags/example_subdag_operator.py
[2024-03-02T23:42:41.930+0000] {processor.py:840} INFO - DAG(s) 'example_subdag_operator.section-1', 'example_subdag_operator.section-2', 'example_subdag_operator' retrieved from /home/airflow/.local/lib/python3.11/site-packages/airflow/example_dags/example_subdag_operator.py
[2024-03-02T23:42:41.938+0000] {logging_mixin.py:188} INFO - [2024-03-02T23:42:41.938+0000] {dag.py:3047} INFO - Sync 3 DAGs
[2024-03-02T23:42:41.948+0000] {logging_mixin.py:188} INFO - [2024-03-02T23:42:41.948+0000] {dag.py:3834} INFO - Setting next_dagrun for example_subdag_operator to 2022-01-01 00:00:00+00:00, run_after=2022-01-01 00:00:00+00:00
[2024-03-02T23:42:41.950+0000] {logging_mixin.py:188} INFO - [2024-03-02T23:42:41.950+0000] {dag.py:3834} INFO - Setting next_dagrun for example_subdag_operator.section-1 to None, run_after=None
[2024-03-02T23:42:41.950+0000] {logging_mixin.py:188} INFO - [2024-03-02T23:42:41.950+0000] {dag.py:3834} INFO - Setting next_dagrun for example_subdag_operator.section-2 to None, run_after=None
[2024-03-02T23:42:41.953+0000] {logging_mixin.py:188} INFO - [2024-03-02T23:42:41.953+0000] {dag.py:3047} INFO - Sync 2 DAGs
[2024-03-02T23:42:41.956+0000] {logging_mixin.py:188} INFO - [2024-03-02T23:42:41.956+0000] {dag.py:3834} INFO - Setting next_dagrun for example_subdag_operator.section-1 to None, run_after=None
[2024-03-02T23:42:41.956+0000] {logging_mixin.py:188} INFO - [2024-03-02T23:42:41.956+0000] {dag.py:3834} INFO - Setting next_dagrun for example_subdag_operator.section-2 to None, run_after=None
[2024-03-02T23:42:41.960+0000] {processor.py:183} INFO - Processing /home/airflow/.local/lib/python3.11/site-packages/airflow/example_dags/example_subdag_operator.py took 0.048 seconds
[2024-03-02T23:43:12.811+0000] {processor.py:161} INFO - Started process (PID=7410) to work on /home/airflow/.local/lib/python3.11/site-packages/airflow/example_dags/example_subdag_operator.py
[2024-03-02T23:43:12.812+0000] {processor.py:830} INFO - Processing file /home/airflow/.local/lib/python3.11/site-packages/airflow/example_dags/example_subdag_operator.py for tasks to queue
[2024-03-02T23:43:12.813+0000] {logging_mixin.py:188} INFO - [2024-03-02T23:43:12.813+0000] {dagbag.py:540} INFO - Filling up the DagBag from /home/airflow/.local/lib/python3.11/site-packages/airflow/example_dags/example_subdag_operator.py
[2024-03-02T23:43:12.828+0000] {processor.py:840} INFO - DAG(s) 'example_subdag_operator.section-1', 'example_subdag_operator.section-2', 'example_subdag_operator' retrieved from /home/airflow/.local/lib/python3.11/site-packages/airflow/example_dags/example_subdag_operator.py
[2024-03-02T23:43:12.836+0000] {logging_mixin.py:188} INFO - [2024-03-02T23:43:12.836+0000] {dag.py:3047} INFO - Sync 3 DAGs
[2024-03-02T23:43:12.847+0000] {logging_mixin.py:188} INFO - [2024-03-02T23:43:12.847+0000] {dag.py:3834} INFO - Setting next_dagrun for example_subdag_operator to 2022-01-01 00:00:00+00:00, run_after=2022-01-01 00:00:00+00:00
[2024-03-02T23:43:12.853+0000] {logging_mixin.py:188} INFO - [2024-03-02T23:43:12.852+0000] {dag.py:3834} INFO - Setting next_dagrun for example_subdag_operator.section-1 to None, run_after=None
[2024-03-02T23:43:12.854+0000] {logging_mixin.py:188} INFO - [2024-03-02T23:43:12.854+0000] {dag.py:3834} INFO - Setting next_dagrun for example_subdag_operator.section-2 to None, run_after=None
[2024-03-02T23:43:12.864+0000] {logging_mixin.py:188} INFO - [2024-03-02T23:43:12.863+0000] {dag.py:3047} INFO - Sync 2 DAGs
[2024-03-02T23:43:12.867+0000] {logging_mixin.py:188} INFO - [2024-03-02T23:43:12.867+0000] {dag.py:3834} INFO - Setting next_dagrun for example_subdag_operator.section-1 to None, run_after=None
[2024-03-02T23:43:12.868+0000] {logging_mixin.py:188} INFO - [2024-03-02T23:43:12.868+0000] {dag.py:3834} INFO - Setting next_dagrun for example_subdag_operator.section-2 to None, run_after=None
[2024-03-02T23:43:12.873+0000] {processor.py:183} INFO - Processing /home/airflow/.local/lib/python3.11/site-packages/airflow/example_dags/example_subdag_operator.py took 0.064 seconds
[2024-03-02T23:43:43.339+0000] {processor.py:161} INFO - Started process (PID=7466) to work on /home/airflow/.local/lib/python3.11/site-packages/airflow/example_dags/example_subdag_operator.py
[2024-03-02T23:43:43.339+0000] {processor.py:830} INFO - Processing file /home/airflow/.local/lib/python3.11/site-packages/airflow/example_dags/example_subdag_operator.py for tasks to queue
[2024-03-02T23:43:43.341+0000] {logging_mixin.py:188} INFO - [2024-03-02T23:43:43.341+0000] {dagbag.py:540} INFO - Filling up the DagBag from /home/airflow/.local/lib/python3.11/site-packages/airflow/example_dags/example_subdag_operator.py
[2024-03-02T23:43:43.355+0000] {processor.py:840} INFO - DAG(s) 'example_subdag_operator.section-1', 'example_subdag_operator.section-2', 'example_subdag_operator' retrieved from /home/airflow/.local/lib/python3.11/site-packages/airflow/example_dags/example_subdag_operator.py
[2024-03-02T23:43:43.363+0000] {logging_mixin.py:188} INFO - [2024-03-02T23:43:43.363+0000] {dag.py:3047} INFO - Sync 3 DAGs
[2024-03-02T23:43:43.374+0000] {logging_mixin.py:188} INFO - [2024-03-02T23:43:43.374+0000] {dag.py:3834} INFO - Setting next_dagrun for example_subdag_operator to 2022-01-01 00:00:00+00:00, run_after=2022-01-01 00:00:00+00:00
[2024-03-02T23:43:43.376+0000] {logging_mixin.py:188} INFO - [2024-03-02T23:43:43.376+0000] {dag.py:3834} INFO - Setting next_dagrun for example_subdag_operator.section-1 to None, run_after=None
[2024-03-02T23:43:43.377+0000] {logging_mixin.py:188} INFO - [2024-03-02T23:43:43.377+0000] {dag.py:3834} INFO - Setting next_dagrun for example_subdag_operator.section-2 to None, run_after=None
[2024-03-02T23:43:43.380+0000] {logging_mixin.py:188} INFO - [2024-03-02T23:43:43.380+0000] {dag.py:3047} INFO - Sync 2 DAGs
[2024-03-02T23:43:43.383+0000] {logging_mixin.py:188} INFO - [2024-03-02T23:43:43.382+0000] {dag.py:3834} INFO - Setting next_dagrun for example_subdag_operator.section-1 to None, run_after=None
[2024-03-02T23:43:43.383+0000] {logging_mixin.py:188} INFO - [2024-03-02T23:43:43.383+0000] {dag.py:3834} INFO - Setting next_dagrun for example_subdag_operator.section-2 to None, run_after=None
[2024-03-02T23:43:43.389+0000] {processor.py:183} INFO - Processing /home/airflow/.local/lib/python3.11/site-packages/airflow/example_dags/example_subdag_operator.py took 0.052 seconds
