[2024-03-02T23:42:41.147+0000] {processor.py:161} INFO - Started process (PID=7336) to work on /home/airflow/.local/lib/python3.11/site-packages/airflow/example_dags/example_short_circuit_operator.py
[2024-03-02T23:42:41.148+0000] {processor.py:830} INFO - Processing file /home/airflow/.local/lib/python3.11/site-packages/airflow/example_dags/example_short_circuit_operator.py for tasks to queue
[2024-03-02T23:42:41.150+0000] {logging_mixin.py:188} INFO - [2024-03-02T23:42:41.150+0000] {dagbag.py:540} INFO - Filling up the DagBag from /home/airflow/.local/lib/python3.11/site-packages/airflow/example_dags/example_short_circuit_operator.py
[2024-03-02T23:42:41.155+0000] {processor.py:840} INFO - DAG(s) 'example_short_circuit_operator' retrieved from /home/airflow/.local/lib/python3.11/site-packages/airflow/example_dags/example_short_circuit_operator.py
[2024-03-02T23:42:41.182+0000] {logging_mixin.py:188} INFO - [2024-03-02T23:42:41.182+0000] {dag.py:3047} INFO - Sync 1 DAGs
[2024-03-02T23:42:41.200+0000] {logging_mixin.py:188} INFO - [2024-03-02T23:42:41.200+0000] {dag.py:3834} INFO - Setting next_dagrun for example_short_circuit_operator to 2024-03-01 00:00:00+00:00, run_after=2024-03-02 00:00:00+00:00
[2024-03-02T23:42:41.213+0000] {processor.py:183} INFO - Processing /home/airflow/.local/lib/python3.11/site-packages/airflow/example_dags/example_short_circuit_operator.py took 0.069 seconds
[2024-03-02T23:43:11.241+0000] {processor.py:161} INFO - Started process (PID=7392) to work on /home/airflow/.local/lib/python3.11/site-packages/airflow/example_dags/example_short_circuit_operator.py
[2024-03-02T23:43:11.242+0000] {processor.py:830} INFO - Processing file /home/airflow/.local/lib/python3.11/site-packages/airflow/example_dags/example_short_circuit_operator.py for tasks to queue
[2024-03-02T23:43:11.243+0000] {logging_mixin.py:188} INFO - [2024-03-02T23:43:11.243+0000] {dagbag.py:540} INFO - Filling up the DagBag from /home/airflow/.local/lib/python3.11/site-packages/airflow/example_dags/example_short_circuit_operator.py
[2024-03-02T23:43:11.247+0000] {processor.py:840} INFO - DAG(s) 'example_short_circuit_operator' retrieved from /home/airflow/.local/lib/python3.11/site-packages/airflow/example_dags/example_short_circuit_operator.py
[2024-03-02T23:43:11.259+0000] {logging_mixin.py:188} INFO - [2024-03-02T23:43:11.258+0000] {dag.py:3047} INFO - Sync 1 DAGs
[2024-03-02T23:43:11.268+0000] {logging_mixin.py:188} INFO - [2024-03-02T23:43:11.268+0000] {dag.py:3834} INFO - Setting next_dagrun for example_short_circuit_operator to 2024-03-01 00:00:00+00:00, run_after=2024-03-02 00:00:00+00:00
[2024-03-02T23:43:11.277+0000] {processor.py:183} INFO - Processing /home/airflow/.local/lib/python3.11/site-packages/airflow/example_dags/example_short_circuit_operator.py took 0.037 seconds
[2024-03-02T23:43:41.566+0000] {processor.py:161} INFO - Started process (PID=7448) to work on /home/airflow/.local/lib/python3.11/site-packages/airflow/example_dags/example_short_circuit_operator.py
[2024-03-02T23:43:41.566+0000] {processor.py:830} INFO - Processing file /home/airflow/.local/lib/python3.11/site-packages/airflow/example_dags/example_short_circuit_operator.py for tasks to queue
[2024-03-02T23:43:41.568+0000] {logging_mixin.py:188} INFO - [2024-03-02T23:43:41.568+0000] {dagbag.py:540} INFO - Filling up the DagBag from /home/airflow/.local/lib/python3.11/site-packages/airflow/example_dags/example_short_circuit_operator.py
[2024-03-02T23:43:41.572+0000] {processor.py:840} INFO - DAG(s) 'example_short_circuit_operator' retrieved from /home/airflow/.local/lib/python3.11/site-packages/airflow/example_dags/example_short_circuit_operator.py
[2024-03-02T23:43:41.585+0000] {logging_mixin.py:188} INFO - [2024-03-02T23:43:41.585+0000] {dag.py:3047} INFO - Sync 1 DAGs
[2024-03-02T23:43:41.596+0000] {logging_mixin.py:188} INFO - [2024-03-02T23:43:41.596+0000] {dag.py:3834} INFO - Setting next_dagrun for example_short_circuit_operator to 2024-03-01 00:00:00+00:00, run_after=2024-03-02 00:00:00+00:00
[2024-03-02T23:43:41.605+0000] {processor.py:183} INFO - Processing /home/airflow/.local/lib/python3.11/site-packages/airflow/example_dags/example_short_circuit_operator.py took 0.041 seconds
