[2024-03-02T23:42:38.393+0000] {processor.py:161} INFO - Started process (PID=7320) to work on /home/airflow/.local/lib/python3.11/site-packages/airflow/example_dags/example_xcom.py
[2024-03-02T23:42:38.394+0000] {processor.py:830} INFO - Processing file /home/airflow/.local/lib/python3.11/site-packages/airflow/example_dags/example_xcom.py for tasks to queue
[2024-03-02T23:42:38.396+0000] {logging_mixin.py:188} INFO - [2024-03-02T23:42:38.396+0000] {dagbag.py:540} INFO - Filling up the DagBag from /home/airflow/.local/lib/python3.11/site-packages/airflow/example_dags/example_xcom.py
[2024-03-02T23:42:38.402+0000] {processor.py:840} INFO - DAG(s) 'example_xcom' retrieved from /home/airflow/.local/lib/python3.11/site-packages/airflow/example_dags/example_xcom.py
[2024-03-02T23:42:38.423+0000] {logging_mixin.py:188} INFO - [2024-03-02T23:42:38.422+0000] {dag.py:3047} INFO - Sync 1 DAGs
[2024-03-02T23:42:38.437+0000] {logging_mixin.py:188} INFO - [2024-03-02T23:42:38.436+0000] {dag.py:3834} INFO - Setting next_dagrun for example_xcom to 2021-01-01 00:00:00+00:00, run_after=2021-01-01 00:00:00+00:00
[2024-03-02T23:42:38.451+0000] {processor.py:183} INFO - Processing /home/airflow/.local/lib/python3.11/site-packages/airflow/example_dags/example_xcom.py took 0.064 seconds
[2024-03-02T23:43:08.753+0000] {processor.py:161} INFO - Started process (PID=7376) to work on /home/airflow/.local/lib/python3.11/site-packages/airflow/example_dags/example_xcom.py
[2024-03-02T23:43:08.754+0000] {processor.py:830} INFO - Processing file /home/airflow/.local/lib/python3.11/site-packages/airflow/example_dags/example_xcom.py for tasks to queue
[2024-03-02T23:43:08.756+0000] {logging_mixin.py:188} INFO - [2024-03-02T23:43:08.755+0000] {dagbag.py:540} INFO - Filling up the DagBag from /home/airflow/.local/lib/python3.11/site-packages/airflow/example_dags/example_xcom.py
[2024-03-02T23:43:08.761+0000] {processor.py:840} INFO - DAG(s) 'example_xcom' retrieved from /home/airflow/.local/lib/python3.11/site-packages/airflow/example_dags/example_xcom.py
[2024-03-02T23:43:08.772+0000] {logging_mixin.py:188} INFO - [2024-03-02T23:43:08.771+0000] {dag.py:3047} INFO - Sync 1 DAGs
[2024-03-02T23:43:08.781+0000] {logging_mixin.py:188} INFO - [2024-03-02T23:43:08.781+0000] {dag.py:3834} INFO - Setting next_dagrun for example_xcom to 2021-01-01 00:00:00+00:00, run_after=2021-01-01 00:00:00+00:00
[2024-03-02T23:43:08.790+0000] {processor.py:183} INFO - Processing /home/airflow/.local/lib/python3.11/site-packages/airflow/example_dags/example_xcom.py took 0.039 seconds
[2024-03-02T23:43:39.012+0000] {processor.py:161} INFO - Started process (PID=7432) to work on /home/airflow/.local/lib/python3.11/site-packages/airflow/example_dags/example_xcom.py
[2024-03-02T23:43:39.013+0000] {processor.py:830} INFO - Processing file /home/airflow/.local/lib/python3.11/site-packages/airflow/example_dags/example_xcom.py for tasks to queue
[2024-03-02T23:43:39.014+0000] {logging_mixin.py:188} INFO - [2024-03-02T23:43:39.014+0000] {dagbag.py:540} INFO - Filling up the DagBag from /home/airflow/.local/lib/python3.11/site-packages/airflow/example_dags/example_xcom.py
[2024-03-02T23:43:39.019+0000] {processor.py:840} INFO - DAG(s) 'example_xcom' retrieved from /home/airflow/.local/lib/python3.11/site-packages/airflow/example_dags/example_xcom.py
[2024-03-02T23:43:39.030+0000] {logging_mixin.py:188} INFO - [2024-03-02T23:43:39.030+0000] {dag.py:3047} INFO - Sync 1 DAGs
[2024-03-02T23:43:39.040+0000] {logging_mixin.py:188} INFO - [2024-03-02T23:43:39.039+0000] {dag.py:3834} INFO - Setting next_dagrun for example_xcom to 2021-01-01 00:00:00+00:00, run_after=2021-01-01 00:00:00+00:00
[2024-03-02T23:43:39.048+0000] {processor.py:183} INFO - Processing /home/airflow/.local/lib/python3.11/site-packages/airflow/example_dags/example_xcom.py took 0.037 seconds
