[2024-03-02T23:42:38.593+0000] {processor.py:161} INFO - Started process (PID=7325) to work on /home/airflow/.local/lib/python3.11/site-packages/airflow/example_dags/example_branch_python_dop_operator_3.py
[2024-03-02T23:42:38.594+0000] {processor.py:830} INFO - Processing file /home/airflow/.local/lib/python3.11/site-packages/airflow/example_dags/example_branch_python_dop_operator_3.py for tasks to queue
[2024-03-02T23:42:38.596+0000] {logging_mixin.py:188} INFO - [2024-03-02T23:42:38.596+0000] {dagbag.py:540} INFO - Filling up the DagBag from /home/airflow/.local/lib/python3.11/site-packages/airflow/example_dags/example_branch_python_dop_operator_3.py
[2024-03-02T23:42:38.601+0000] {processor.py:840} INFO - DAG(s) 'example_branch_dop_operator_v3' retrieved from /home/airflow/.local/lib/python3.11/site-packages/airflow/example_dags/example_branch_python_dop_operator_3.py
[2024-03-02T23:42:38.623+0000] {logging_mixin.py:188} INFO - [2024-03-02T23:42:38.623+0000] {dag.py:3047} INFO - Sync 1 DAGs
[2024-03-02T23:42:38.650+0000] {logging_mixin.py:188} INFO - [2024-03-02T23:42:38.649+0000] {dag.py:3834} INFO - Setting next_dagrun for example_branch_dop_operator_v3 to 2024-03-02 23:41:00+00:00, run_after=2024-03-02 23:42:00+00:00
[2024-03-02T23:42:38.667+0000] {processor.py:183} INFO - Processing /home/airflow/.local/lib/python3.11/site-packages/airflow/example_dags/example_branch_python_dop_operator_3.py took 0.078 seconds
[2024-03-02T23:43:08.873+0000] {processor.py:161} INFO - Started process (PID=7381) to work on /home/airflow/.local/lib/python3.11/site-packages/airflow/example_dags/example_branch_python_dop_operator_3.py
[2024-03-02T23:43:08.873+0000] {processor.py:830} INFO - Processing file /home/airflow/.local/lib/python3.11/site-packages/airflow/example_dags/example_branch_python_dop_operator_3.py for tasks to queue
[2024-03-02T23:43:08.874+0000] {logging_mixin.py:188} INFO - [2024-03-02T23:43:08.874+0000] {dagbag.py:540} INFO - Filling up the DagBag from /home/airflow/.local/lib/python3.11/site-packages/airflow/example_dags/example_branch_python_dop_operator_3.py
[2024-03-02T23:43:08.879+0000] {processor.py:840} INFO - DAG(s) 'example_branch_dop_operator_v3' retrieved from /home/airflow/.local/lib/python3.11/site-packages/airflow/example_dags/example_branch_python_dop_operator_3.py
[2024-03-02T23:43:08.890+0000] {logging_mixin.py:188} INFO - [2024-03-02T23:43:08.890+0000] {dag.py:3047} INFO - Sync 1 DAGs
[2024-03-02T23:43:08.902+0000] {logging_mixin.py:188} INFO - [2024-03-02T23:43:08.902+0000] {dag.py:3834} INFO - Setting next_dagrun for example_branch_dop_operator_v3 to 2024-03-02 23:42:00+00:00, run_after=2024-03-02 23:43:00+00:00
[2024-03-02T23:43:08.910+0000] {processor.py:183} INFO - Processing /home/airflow/.local/lib/python3.11/site-packages/airflow/example_dags/example_branch_python_dop_operator_3.py took 0.039 seconds
[2024-03-02T23:43:39.131+0000] {processor.py:161} INFO - Started process (PID=7437) to work on /home/airflow/.local/lib/python3.11/site-packages/airflow/example_dags/example_branch_python_dop_operator_3.py
[2024-03-02T23:43:39.132+0000] {processor.py:830} INFO - Processing file /home/airflow/.local/lib/python3.11/site-packages/airflow/example_dags/example_branch_python_dop_operator_3.py for tasks to queue
[2024-03-02T23:43:39.133+0000] {logging_mixin.py:188} INFO - [2024-03-02T23:43:39.133+0000] {dagbag.py:540} INFO - Filling up the DagBag from /home/airflow/.local/lib/python3.11/site-packages/airflow/example_dags/example_branch_python_dop_operator_3.py
[2024-03-02T23:43:39.138+0000] {processor.py:840} INFO - DAG(s) 'example_branch_dop_operator_v3' retrieved from /home/airflow/.local/lib/python3.11/site-packages/airflow/example_dags/example_branch_python_dop_operator_3.py
[2024-03-02T23:43:39.149+0000] {logging_mixin.py:188} INFO - [2024-03-02T23:43:39.149+0000] {dag.py:3047} INFO - Sync 1 DAGs
[2024-03-02T23:43:39.161+0000] {logging_mixin.py:188} INFO - [2024-03-02T23:43:39.161+0000] {dag.py:3834} INFO - Setting next_dagrun for example_branch_dop_operator_v3 to 2024-03-02 23:42:00+00:00, run_after=2024-03-02 23:43:00+00:00
[2024-03-02T23:43:39.169+0000] {processor.py:183} INFO - Processing /home/airflow/.local/lib/python3.11/site-packages/airflow/example_dags/example_branch_python_dop_operator_3.py took 0.040 seconds
