[2024-03-02T23:42:38.216+0000] {processor.py:161} INFO - Started process (PID=7315) to work on /home/airflow/.local/lib/python3.11/site-packages/airflow/example_dags/example_python_decorator.py
[2024-03-02T23:42:38.217+0000] {processor.py:830} INFO - Processing file /home/airflow/.local/lib/python3.11/site-packages/airflow/example_dags/example_python_decorator.py for tasks to queue
[2024-03-02T23:42:38.218+0000] {logging_mixin.py:188} INFO - [2024-03-02T23:42:38.218+0000] {dagbag.py:540} INFO - Filling up the DagBag from /home/airflow/.local/lib/python3.11/site-packages/airflow/example_dags/example_python_decorator.py
[2024-03-02T23:42:38.227+0000] {processor.py:840} INFO - DAG(s) 'example_python_decorator' retrieved from /home/airflow/.local/lib/python3.11/site-packages/airflow/example_dags/example_python_decorator.py
[2024-03-02T23:42:38.239+0000] {logging_mixin.py:188} INFO - [2024-03-02T23:42:38.239+0000] {dag.py:3047} INFO - Sync 1 DAGs
[2024-03-02T23:42:38.252+0000] {logging_mixin.py:188} INFO - [2024-03-02T23:42:38.251+0000] {dag.py:3834} INFO - Setting next_dagrun for example_python_decorator to None, run_after=None
[2024-03-02T23:42:38.270+0000] {processor.py:183} INFO - Processing /home/airflow/.local/lib/python3.11/site-packages/airflow/example_dags/example_python_decorator.py took 0.056 seconds
[2024-03-02T23:43:08.585+0000] {processor.py:161} INFO - Started process (PID=7371) to work on /home/airflow/.local/lib/python3.11/site-packages/airflow/example_dags/example_python_decorator.py
[2024-03-02T23:43:08.586+0000] {processor.py:830} INFO - Processing file /home/airflow/.local/lib/python3.11/site-packages/airflow/example_dags/example_python_decorator.py for tasks to queue
[2024-03-02T23:43:08.587+0000] {logging_mixin.py:188} INFO - [2024-03-02T23:43:08.587+0000] {dagbag.py:540} INFO - Filling up the DagBag from /home/airflow/.local/lib/python3.11/site-packages/airflow/example_dags/example_python_decorator.py
[2024-03-02T23:43:08.596+0000] {processor.py:840} INFO - DAG(s) 'example_python_decorator' retrieved from /home/airflow/.local/lib/python3.11/site-packages/airflow/example_dags/example_python_decorator.py
[2024-03-02T23:43:08.608+0000] {logging_mixin.py:188} INFO - [2024-03-02T23:43:08.607+0000] {dag.py:3047} INFO - Sync 1 DAGs
[2024-03-02T23:43:08.616+0000] {logging_mixin.py:188} INFO - [2024-03-02T23:43:08.616+0000] {dag.py:3834} INFO - Setting next_dagrun for example_python_decorator to None, run_after=None
[2024-03-02T23:43:08.626+0000] {processor.py:183} INFO - Processing /home/airflow/.local/lib/python3.11/site-packages/airflow/example_dags/example_python_decorator.py took 0.043 seconds
[2024-03-02T23:43:38.854+0000] {processor.py:161} INFO - Started process (PID=7427) to work on /home/airflow/.local/lib/python3.11/site-packages/airflow/example_dags/example_python_decorator.py
[2024-03-02T23:43:38.855+0000] {processor.py:830} INFO - Processing file /home/airflow/.local/lib/python3.11/site-packages/airflow/example_dags/example_python_decorator.py for tasks to queue
[2024-03-02T23:43:38.856+0000] {logging_mixin.py:188} INFO - [2024-03-02T23:43:38.856+0000] {dagbag.py:540} INFO - Filling up the DagBag from /home/airflow/.local/lib/python3.11/site-packages/airflow/example_dags/example_python_decorator.py
[2024-03-02T23:43:38.865+0000] {processor.py:840} INFO - DAG(s) 'example_python_decorator' retrieved from /home/airflow/.local/lib/python3.11/site-packages/airflow/example_dags/example_python_decorator.py
[2024-03-02T23:43:38.877+0000] {logging_mixin.py:188} INFO - [2024-03-02T23:43:38.877+0000] {dag.py:3047} INFO - Sync 1 DAGs
[2024-03-02T23:43:38.886+0000] {logging_mixin.py:188} INFO - [2024-03-02T23:43:38.886+0000] {dag.py:3834} INFO - Setting next_dagrun for example_python_decorator to None, run_after=None
[2024-03-02T23:43:38.896+0000] {processor.py:183} INFO - Processing /home/airflow/.local/lib/python3.11/site-packages/airflow/example_dags/example_python_decorator.py took 0.044 seconds
