[2024-03-02T23:42:38.211+0000] {processor.py:161} INFO - Started process (PID=7314) to work on /home/airflow/.local/lib/python3.11/site-packages/airflow/example_dags/example_kubernetes_executor.py
[2024-03-02T23:42:38.212+0000] {processor.py:830} INFO - Processing file /home/airflow/.local/lib/python3.11/site-packages/airflow/example_dags/example_kubernetes_executor.py for tasks to queue
[2024-03-02T23:42:38.214+0000] {logging_mixin.py:188} INFO - [2024-03-02T23:42:38.213+0000] {dagbag.py:540} INFO - Filling up the DagBag from /home/airflow/.local/lib/python3.11/site-packages/airflow/example_dags/example_kubernetes_executor.py
[2024-03-02T23:42:38.222+0000] {processor.py:840} INFO - DAG(s) 'example_kubernetes_executor' retrieved from /home/airflow/.local/lib/python3.11/site-packages/airflow/example_dags/example_kubernetes_executor.py
[2024-03-02T23:42:38.256+0000] {logging_mixin.py:188} INFO - [2024-03-02T23:42:38.256+0000] {dag.py:3047} INFO - Sync 1 DAGs
[2024-03-02T23:42:38.269+0000] {logging_mixin.py:188} INFO - [2024-03-02T23:42:38.269+0000] {dag.py:3834} INFO - Setting next_dagrun for example_kubernetes_executor to None, run_after=None
[2024-03-02T23:42:38.283+0000] {processor.py:183} INFO - Processing /home/airflow/.local/lib/python3.11/site-packages/airflow/example_dags/example_kubernetes_executor.py took 0.073 seconds
[2024-03-02T23:43:08.581+0000] {processor.py:161} INFO - Started process (PID=7370) to work on /home/airflow/.local/lib/python3.11/site-packages/airflow/example_dags/example_kubernetes_executor.py
[2024-03-02T23:43:08.582+0000] {processor.py:830} INFO - Processing file /home/airflow/.local/lib/python3.11/site-packages/airflow/example_dags/example_kubernetes_executor.py for tasks to queue
[2024-03-02T23:43:08.583+0000] {logging_mixin.py:188} INFO - [2024-03-02T23:43:08.583+0000] {dagbag.py:540} INFO - Filling up the DagBag from /home/airflow/.local/lib/python3.11/site-packages/airflow/example_dags/example_kubernetes_executor.py
[2024-03-02T23:43:08.592+0000] {processor.py:840} INFO - DAG(s) 'example_kubernetes_executor' retrieved from /home/airflow/.local/lib/python3.11/site-packages/airflow/example_dags/example_kubernetes_executor.py
[2024-03-02T23:43:08.618+0000] {logging_mixin.py:188} INFO - [2024-03-02T23:43:08.618+0000] {dag.py:3047} INFO - Sync 1 DAGs
[2024-03-02T23:43:08.625+0000] {logging_mixin.py:188} INFO - [2024-03-02T23:43:08.625+0000] {dag.py:3834} INFO - Setting next_dagrun for example_kubernetes_executor to None, run_after=None
[2024-03-02T23:43:08.634+0000] {processor.py:183} INFO - Processing /home/airflow/.local/lib/python3.11/site-packages/airflow/example_dags/example_kubernetes_executor.py took 0.055 seconds
[2024-03-02T23:43:38.850+0000] {processor.py:161} INFO - Started process (PID=7426) to work on /home/airflow/.local/lib/python3.11/site-packages/airflow/example_dags/example_kubernetes_executor.py
[2024-03-02T23:43:38.851+0000] {processor.py:830} INFO - Processing file /home/airflow/.local/lib/python3.11/site-packages/airflow/example_dags/example_kubernetes_executor.py for tasks to queue
[2024-03-02T23:43:38.852+0000] {logging_mixin.py:188} INFO - [2024-03-02T23:43:38.852+0000] {dagbag.py:540} INFO - Filling up the DagBag from /home/airflow/.local/lib/python3.11/site-packages/airflow/example_dags/example_kubernetes_executor.py
[2024-03-02T23:43:38.861+0000] {processor.py:840} INFO - DAG(s) 'example_kubernetes_executor' retrieved from /home/airflow/.local/lib/python3.11/site-packages/airflow/example_dags/example_kubernetes_executor.py
[2024-03-02T23:43:38.887+0000] {logging_mixin.py:188} INFO - [2024-03-02T23:43:38.887+0000] {dag.py:3047} INFO - Sync 1 DAGs
[2024-03-02T23:43:38.894+0000] {logging_mixin.py:188} INFO - [2024-03-02T23:43:38.894+0000] {dag.py:3834} INFO - Setting next_dagrun for example_kubernetes_executor to None, run_after=None
[2024-03-02T23:43:38.904+0000] {processor.py:183} INFO - Processing /home/airflow/.local/lib/python3.11/site-packages/airflow/example_dags/example_kubernetes_executor.py took 0.055 seconds
