[2024-03-02T23:42:38.524+0000] {processor.py:161} INFO - Started process (PID=7324) to work on /home/airflow/.local/lib/python3.11/site-packages/airflow/example_dags/example_branch_day_of_week_operator.py
[2024-03-02T23:42:38.525+0000] {processor.py:830} INFO - Processing file /home/airflow/.local/lib/python3.11/site-packages/airflow/example_dags/example_branch_day_of_week_operator.py for tasks to queue
[2024-03-02T23:42:38.526+0000] {logging_mixin.py:188} INFO - [2024-03-02T23:42:38.526+0000] {dagbag.py:540} INFO - Filling up the DagBag from /home/airflow/.local/lib/python3.11/site-packages/airflow/example_dags/example_branch_day_of_week_operator.py
[2024-03-02T23:42:38.531+0000] {processor.py:840} INFO - DAG(s) 'example_weekday_branch_operator' retrieved from /home/airflow/.local/lib/python3.11/site-packages/airflow/example_dags/example_branch_day_of_week_operator.py
[2024-03-02T23:42:38.545+0000] {logging_mixin.py:188} INFO - [2024-03-02T23:42:38.545+0000] {dag.py:3047} INFO - Sync 1 DAGs
[2024-03-02T23:42:38.556+0000] {logging_mixin.py:188} INFO - [2024-03-02T23:42:38.556+0000] {dag.py:3834} INFO - Setting next_dagrun for example_weekday_branch_operator to 2024-03-01 00:00:00+00:00, run_after=2024-03-02 00:00:00+00:00
[2024-03-02T23:42:38.573+0000] {processor.py:183} INFO - Processing /home/airflow/.local/lib/python3.11/site-packages/airflow/example_dags/example_branch_day_of_week_operator.py took 0.051 seconds
[2024-03-02T23:43:08.844+0000] {processor.py:161} INFO - Started process (PID=7380) to work on /home/airflow/.local/lib/python3.11/site-packages/airflow/example_dags/example_branch_day_of_week_operator.py
[2024-03-02T23:43:08.845+0000] {processor.py:830} INFO - Processing file /home/airflow/.local/lib/python3.11/site-packages/airflow/example_dags/example_branch_day_of_week_operator.py for tasks to queue
[2024-03-02T23:43:08.846+0000] {logging_mixin.py:188} INFO - [2024-03-02T23:43:08.846+0000] {dagbag.py:540} INFO - Filling up the DagBag from /home/airflow/.local/lib/python3.11/site-packages/airflow/example_dags/example_branch_day_of_week_operator.py
[2024-03-02T23:43:08.850+0000] {processor.py:840} INFO - DAG(s) 'example_weekday_branch_operator' retrieved from /home/airflow/.local/lib/python3.11/site-packages/airflow/example_dags/example_branch_day_of_week_operator.py
[2024-03-02T23:43:08.861+0000] {logging_mixin.py:188} INFO - [2024-03-02T23:43:08.861+0000] {dag.py:3047} INFO - Sync 1 DAGs
[2024-03-02T23:43:08.871+0000] {logging_mixin.py:188} INFO - [2024-03-02T23:43:08.871+0000] {dag.py:3834} INFO - Setting next_dagrun for example_weekday_branch_operator to 2024-03-01 00:00:00+00:00, run_after=2024-03-02 00:00:00+00:00
[2024-03-02T23:43:08.880+0000] {processor.py:183} INFO - Processing /home/airflow/.local/lib/python3.11/site-packages/airflow/example_dags/example_branch_day_of_week_operator.py took 0.038 seconds
[2024-03-02T23:43:39.101+0000] {processor.py:161} INFO - Started process (PID=7436) to work on /home/airflow/.local/lib/python3.11/site-packages/airflow/example_dags/example_branch_day_of_week_operator.py
[2024-03-02T23:43:39.101+0000] {processor.py:830} INFO - Processing file /home/airflow/.local/lib/python3.11/site-packages/airflow/example_dags/example_branch_day_of_week_operator.py for tasks to queue
[2024-03-02T23:43:39.103+0000] {logging_mixin.py:188} INFO - [2024-03-02T23:43:39.102+0000] {dagbag.py:540} INFO - Filling up the DagBag from /home/airflow/.local/lib/python3.11/site-packages/airflow/example_dags/example_branch_day_of_week_operator.py
[2024-03-02T23:43:39.107+0000] {processor.py:840} INFO - DAG(s) 'example_weekday_branch_operator' retrieved from /home/airflow/.local/lib/python3.11/site-packages/airflow/example_dags/example_branch_day_of_week_operator.py
[2024-03-02T23:43:39.117+0000] {logging_mixin.py:188} INFO - [2024-03-02T23:43:39.117+0000] {dag.py:3047} INFO - Sync 1 DAGs
[2024-03-02T23:43:39.128+0000] {logging_mixin.py:188} INFO - [2024-03-02T23:43:39.128+0000] {dag.py:3834} INFO - Setting next_dagrun for example_weekday_branch_operator to 2024-03-01 00:00:00+00:00, run_after=2024-03-02 00:00:00+00:00
[2024-03-02T23:43:39.137+0000] {processor.py:183} INFO - Processing /home/airflow/.local/lib/python3.11/site-packages/airflow/example_dags/example_branch_day_of_week_operator.py took 0.038 seconds
