[2024-03-02T23:42:38.155+0000] {processor.py:161} INFO - Started process (PID=7313) to work on /home/airflow/.local/lib/python3.11/site-packages/airflow/example_dags/example_branch_datetime_operator.py
[2024-03-02T23:42:38.155+0000] {processor.py:830} INFO - Processing file /home/airflow/.local/lib/python3.11/site-packages/airflow/example_dags/example_branch_datetime_operator.py for tasks to queue
[2024-03-02T23:42:38.157+0000] {logging_mixin.py:188} INFO - [2024-03-02T23:42:38.156+0000] {dagbag.py:540} INFO - Filling up the DagBag from /home/airflow/.local/lib/python3.11/site-packages/airflow/example_dags/example_branch_datetime_operator.py
[2024-03-02T23:42:38.162+0000] {processor.py:840} INFO - DAG(s) 'example_branch_datetime_operator_3', 'example_branch_datetime_operator_2', 'example_branch_datetime_operator' retrieved from /home/airflow/.local/lib/python3.11/site-packages/airflow/example_dags/example_branch_datetime_operator.py
[2024-03-02T23:42:38.176+0000] {logging_mixin.py:188} INFO - [2024-03-02T23:42:38.176+0000] {dag.py:3047} INFO - Sync 3 DAGs
[2024-03-02T23:42:38.187+0000] {logging_mixin.py:188} INFO - [2024-03-02T23:42:38.187+0000] {dag.py:3834} INFO - Setting next_dagrun for example_branch_datetime_operator to 2024-03-01 00:00:00+00:00, run_after=2024-03-02 00:00:00+00:00
[2024-03-02T23:42:38.189+0000] {logging_mixin.py:188} INFO - [2024-03-02T23:42:38.189+0000] {dag.py:3834} INFO - Setting next_dagrun for example_branch_datetime_operator_2 to 2024-03-01 00:00:00+00:00, run_after=2024-03-02 00:00:00+00:00
[2024-03-02T23:42:38.191+0000] {logging_mixin.py:188} INFO - [2024-03-02T23:42:38.191+0000] {dag.py:3834} INFO - Setting next_dagrun for example_branch_datetime_operator_3 to 2024-03-01 00:00:00+00:00, run_after=2024-03-02 00:00:00+00:00
[2024-03-02T23:42:38.198+0000] {processor.py:183} INFO - Processing /home/airflow/.local/lib/python3.11/site-packages/airflow/example_dags/example_branch_datetime_operator.py took 0.045 seconds
[2024-03-02T23:43:08.528+0000] {processor.py:161} INFO - Started process (PID=7369) to work on /home/airflow/.local/lib/python3.11/site-packages/airflow/example_dags/example_branch_datetime_operator.py
[2024-03-02T23:43:08.529+0000] {processor.py:830} INFO - Processing file /home/airflow/.local/lib/python3.11/site-packages/airflow/example_dags/example_branch_datetime_operator.py for tasks to queue
[2024-03-02T23:43:08.530+0000] {logging_mixin.py:188} INFO - [2024-03-02T23:43:08.530+0000] {dagbag.py:540} INFO - Filling up the DagBag from /home/airflow/.local/lib/python3.11/site-packages/airflow/example_dags/example_branch_datetime_operator.py
[2024-03-02T23:43:08.535+0000] {processor.py:840} INFO - DAG(s) 'example_branch_datetime_operator', 'example_branch_datetime_operator_2', 'example_branch_datetime_operator_3' retrieved from /home/airflow/.local/lib/python3.11/site-packages/airflow/example_dags/example_branch_datetime_operator.py
[2024-03-02T23:43:08.549+0000] {logging_mixin.py:188} INFO - [2024-03-02T23:43:08.549+0000] {dag.py:3047} INFO - Sync 3 DAGs
[2024-03-02T23:43:08.559+0000] {logging_mixin.py:188} INFO - [2024-03-02T23:43:08.559+0000] {dag.py:3834} INFO - Setting next_dagrun for example_branch_datetime_operator to 2024-03-01 00:00:00+00:00, run_after=2024-03-02 00:00:00+00:00
[2024-03-02T23:43:08.561+0000] {logging_mixin.py:188} INFO - [2024-03-02T23:43:08.561+0000] {dag.py:3834} INFO - Setting next_dagrun for example_branch_datetime_operator_2 to 2024-03-01 00:00:00+00:00, run_after=2024-03-02 00:00:00+00:00
[2024-03-02T23:43:08.562+0000] {logging_mixin.py:188} INFO - [2024-03-02T23:43:08.562+0000] {dag.py:3834} INFO - Setting next_dagrun for example_branch_datetime_operator_3 to 2024-03-01 00:00:00+00:00, run_after=2024-03-02 00:00:00+00:00
[2024-03-02T23:43:08.568+0000] {processor.py:183} INFO - Processing /home/airflow/.local/lib/python3.11/site-packages/airflow/example_dags/example_branch_datetime_operator.py took 0.042 seconds
[2024-03-02T23:43:38.796+0000] {processor.py:161} INFO - Started process (PID=7425) to work on /home/airflow/.local/lib/python3.11/site-packages/airflow/example_dags/example_branch_datetime_operator.py
[2024-03-02T23:43:38.797+0000] {processor.py:830} INFO - Processing file /home/airflow/.local/lib/python3.11/site-packages/airflow/example_dags/example_branch_datetime_operator.py for tasks to queue
[2024-03-02T23:43:38.798+0000] {logging_mixin.py:188} INFO - [2024-03-02T23:43:38.798+0000] {dagbag.py:540} INFO - Filling up the DagBag from /home/airflow/.local/lib/python3.11/site-packages/airflow/example_dags/example_branch_datetime_operator.py
[2024-03-02T23:43:38.803+0000] {processor.py:840} INFO - DAG(s) 'example_branch_datetime_operator', 'example_branch_datetime_operator_2', 'example_branch_datetime_operator_3' retrieved from /home/airflow/.local/lib/python3.11/site-packages/airflow/example_dags/example_branch_datetime_operator.py
[2024-03-02T23:43:38.818+0000] {logging_mixin.py:188} INFO - [2024-03-02T23:43:38.818+0000] {dag.py:3047} INFO - Sync 3 DAGs
[2024-03-02T23:43:38.828+0000] {logging_mixin.py:188} INFO - [2024-03-02T23:43:38.827+0000] {dag.py:3834} INFO - Setting next_dagrun for example_branch_datetime_operator to 2024-03-01 00:00:00+00:00, run_after=2024-03-02 00:00:00+00:00
[2024-03-02T23:43:38.829+0000] {logging_mixin.py:188} INFO - [2024-03-02T23:43:38.829+0000] {dag.py:3834} INFO - Setting next_dagrun for example_branch_datetime_operator_2 to 2024-03-01 00:00:00+00:00, run_after=2024-03-02 00:00:00+00:00
[2024-03-02T23:43:38.830+0000] {logging_mixin.py:188} INFO - [2024-03-02T23:43:38.830+0000] {dag.py:3834} INFO - Setting next_dagrun for example_branch_datetime_operator_3 to 2024-03-01 00:00:00+00:00, run_after=2024-03-02 00:00:00+00:00
[2024-03-02T23:43:38.837+0000] {processor.py:183} INFO - Processing /home/airflow/.local/lib/python3.11/site-packages/airflow/example_dags/example_branch_datetime_operator.py took 0.043 seconds
