[2024-03-02T23:42:41.818+0000] {processor.py:161} INFO - Started process (PID=7350) to work on /home/airflow/.local/lib/python3.11/site-packages/airflow/example_dags/example_branch_labels.py
[2024-03-02T23:42:41.819+0000] {processor.py:830} INFO - Processing file /home/airflow/.local/lib/python3.11/site-packages/airflow/example_dags/example_branch_labels.py for tasks to queue
[2024-03-02T23:42:41.820+0000] {logging_mixin.py:188} INFO - [2024-03-02T23:42:41.820+0000] {dagbag.py:540} INFO - Filling up the DagBag from /home/airflow/.local/lib/python3.11/site-packages/airflow/example_dags/example_branch_labels.py
[2024-03-02T23:42:41.824+0000] {processor.py:840} INFO - DAG(s) 'example_branch_labels' retrieved from /home/airflow/.local/lib/python3.11/site-packages/airflow/example_dags/example_branch_labels.py
[2024-03-02T23:42:41.836+0000] {logging_mixin.py:188} INFO - [2024-03-02T23:42:41.836+0000] {dag.py:3047} INFO - Sync 1 DAGs
[2024-03-02T23:42:41.846+0000] {logging_mixin.py:188} INFO - [2024-03-02T23:42:41.846+0000] {dag.py:3834} INFO - Setting next_dagrun for example_branch_labels to 2024-03-01 00:00:00+00:00, run_after=2024-03-02 00:00:00+00:00
[2024-03-02T23:42:41.854+0000] {processor.py:183} INFO - Processing /home/airflow/.local/lib/python3.11/site-packages/airflow/example_dags/example_branch_labels.py took 0.038 seconds
[2024-03-02T23:43:12.681+0000] {processor.py:161} INFO - Started process (PID=7406) to work on /home/airflow/.local/lib/python3.11/site-packages/airflow/example_dags/example_branch_labels.py
[2024-03-02T23:43:12.681+0000] {processor.py:830} INFO - Processing file /home/airflow/.local/lib/python3.11/site-packages/airflow/example_dags/example_branch_labels.py for tasks to queue
[2024-03-02T23:43:12.683+0000] {logging_mixin.py:188} INFO - [2024-03-02T23:43:12.683+0000] {dagbag.py:540} INFO - Filling up the DagBag from /home/airflow/.local/lib/python3.11/site-packages/airflow/example_dags/example_branch_labels.py
[2024-03-02T23:43:12.687+0000] {processor.py:840} INFO - DAG(s) 'example_branch_labels' retrieved from /home/airflow/.local/lib/python3.11/site-packages/airflow/example_dags/example_branch_labels.py
[2024-03-02T23:43:12.699+0000] {logging_mixin.py:188} INFO - [2024-03-02T23:43:12.699+0000] {dag.py:3047} INFO - Sync 1 DAGs
[2024-03-02T23:43:12.710+0000] {logging_mixin.py:188} INFO - [2024-03-02T23:43:12.710+0000] {dag.py:3834} INFO - Setting next_dagrun for example_branch_labels to 2024-03-01 00:00:00+00:00, run_after=2024-03-02 00:00:00+00:00
[2024-03-02T23:43:12.718+0000] {processor.py:183} INFO - Processing /home/airflow/.local/lib/python3.11/site-packages/airflow/example_dags/example_branch_labels.py took 0.039 seconds
[2024-03-02T23:43:43.062+0000] {processor.py:161} INFO - Started process (PID=7462) to work on /home/airflow/.local/lib/python3.11/site-packages/airflow/example_dags/example_branch_labels.py
[2024-03-02T23:43:43.064+0000] {processor.py:830} INFO - Processing file /home/airflow/.local/lib/python3.11/site-packages/airflow/example_dags/example_branch_labels.py for tasks to queue
[2024-03-02T23:43:43.065+0000] {logging_mixin.py:188} INFO - [2024-03-02T23:43:43.065+0000] {dagbag.py:540} INFO - Filling up the DagBag from /home/airflow/.local/lib/python3.11/site-packages/airflow/example_dags/example_branch_labels.py
[2024-03-02T23:43:43.070+0000] {processor.py:840} INFO - DAG(s) 'example_branch_labels' retrieved from /home/airflow/.local/lib/python3.11/site-packages/airflow/example_dags/example_branch_labels.py
[2024-03-02T23:43:43.083+0000] {logging_mixin.py:188} INFO - [2024-03-02T23:43:43.083+0000] {dag.py:3047} INFO - Sync 1 DAGs
[2024-03-02T23:43:43.100+0000] {logging_mixin.py:188} INFO - [2024-03-02T23:43:43.100+0000] {dag.py:3834} INFO - Setting next_dagrun for example_branch_labels to 2024-03-01 00:00:00+00:00, run_after=2024-03-02 00:00:00+00:00
[2024-03-02T23:43:43.147+0000] {processor.py:183} INFO - Processing /home/airflow/.local/lib/python3.11/site-packages/airflow/example_dags/example_branch_labels.py took 0.087 seconds
