[2024-03-02T23:42:41.349+0000] {processor.py:161} INFO - Started process (PID=7339) to work on /home/airflow/.local/lib/python3.11/site-packages/airflow/example_dags/example_nested_branch_dag.py
[2024-03-02T23:42:41.350+0000] {processor.py:830} INFO - Processing file /home/airflow/.local/lib/python3.11/site-packages/airflow/example_dags/example_nested_branch_dag.py for tasks to queue
[2024-03-02T23:42:41.352+0000] {logging_mixin.py:188} INFO - [2024-03-02T23:42:41.351+0000] {dagbag.py:540} INFO - Filling up the DagBag from /home/airflow/.local/lib/python3.11/site-packages/airflow/example_dags/example_nested_branch_dag.py
[2024-03-02T23:42:41.361+0000] {processor.py:840} INFO - DAG(s) 'example_nested_branch_dag' retrieved from /home/airflow/.local/lib/python3.11/site-packages/airflow/example_dags/example_nested_branch_dag.py
[2024-03-02T23:42:41.385+0000] {logging_mixin.py:188} INFO - [2024-03-02T23:42:41.385+0000] {dag.py:3047} INFO - Sync 1 DAGs
[2024-03-02T23:42:41.413+0000] {logging_mixin.py:188} INFO - [2024-03-02T23:42:41.412+0000] {dag.py:3834} INFO - Setting next_dagrun for example_nested_branch_dag to 2024-03-01 00:00:00+00:00, run_after=2024-03-02 00:00:00+00:00
[2024-03-02T23:42:41.437+0000] {processor.py:183} INFO - Processing /home/airflow/.local/lib/python3.11/site-packages/airflow/example_dags/example_nested_branch_dag.py took 0.091 seconds
[2024-03-02T23:43:12.332+0000] {processor.py:161} INFO - Started process (PID=7395) to work on /home/airflow/.local/lib/python3.11/site-packages/airflow/example_dags/example_nested_branch_dag.py
[2024-03-02T23:43:12.333+0000] {processor.py:830} INFO - Processing file /home/airflow/.local/lib/python3.11/site-packages/airflow/example_dags/example_nested_branch_dag.py for tasks to queue
[2024-03-02T23:43:12.336+0000] {logging_mixin.py:188} INFO - [2024-03-02T23:43:12.335+0000] {dagbag.py:540} INFO - Filling up the DagBag from /home/airflow/.local/lib/python3.11/site-packages/airflow/example_dags/example_nested_branch_dag.py
[2024-03-02T23:43:12.346+0000] {processor.py:840} INFO - DAG(s) 'example_nested_branch_dag' retrieved from /home/airflow/.local/lib/python3.11/site-packages/airflow/example_dags/example_nested_branch_dag.py
[2024-03-02T23:43:12.362+0000] {logging_mixin.py:188} INFO - [2024-03-02T23:43:12.362+0000] {dag.py:3047} INFO - Sync 1 DAGs
[2024-03-02T23:43:12.374+0000] {logging_mixin.py:188} INFO - [2024-03-02T23:43:12.374+0000] {dag.py:3834} INFO - Setting next_dagrun for example_nested_branch_dag to 2024-03-01 00:00:00+00:00, run_after=2024-03-02 00:00:00+00:00
[2024-03-02T23:43:12.384+0000] {processor.py:183} INFO - Processing /home/airflow/.local/lib/python3.11/site-packages/airflow/example_dags/example_nested_branch_dag.py took 0.056 seconds
[2024-03-02T23:43:42.603+0000] {processor.py:161} INFO - Started process (PID=7451) to work on /home/airflow/.local/lib/python3.11/site-packages/airflow/example_dags/example_nested_branch_dag.py
[2024-03-02T23:43:42.604+0000] {processor.py:830} INFO - Processing file /home/airflow/.local/lib/python3.11/site-packages/airflow/example_dags/example_nested_branch_dag.py for tasks to queue
[2024-03-02T23:43:42.606+0000] {logging_mixin.py:188} INFO - [2024-03-02T23:43:42.606+0000] {dagbag.py:540} INFO - Filling up the DagBag from /home/airflow/.local/lib/python3.11/site-packages/airflow/example_dags/example_nested_branch_dag.py
[2024-03-02T23:43:42.617+0000] {processor.py:840} INFO - DAG(s) 'example_nested_branch_dag' retrieved from /home/airflow/.local/lib/python3.11/site-packages/airflow/example_dags/example_nested_branch_dag.py
[2024-03-02T23:43:42.636+0000] {logging_mixin.py:188} INFO - [2024-03-02T23:43:42.636+0000] {dag.py:3047} INFO - Sync 1 DAGs
[2024-03-02T23:43:42.655+0000] {logging_mixin.py:188} INFO - [2024-03-02T23:43:42.655+0000] {dag.py:3834} INFO - Setting next_dagrun for example_nested_branch_dag to 2024-03-01 00:00:00+00:00, run_after=2024-03-02 00:00:00+00:00
[2024-03-02T23:43:42.668+0000] {processor.py:183} INFO - Processing /home/airflow/.local/lib/python3.11/site-packages/airflow/example_dags/example_nested_branch_dag.py took 0.068 seconds
