[2024-03-02T23:42:41.558+0000] {processor.py:161} INFO - Started process (PID=7342) to work on /home/airflow/.local/lib/python3.11/site-packages/airflow/example_dags/example_setup_teardown.py
[2024-03-02T23:42:41.559+0000] {processor.py:830} INFO - Processing file /home/airflow/.local/lib/python3.11/site-packages/airflow/example_dags/example_setup_teardown.py for tasks to queue
[2024-03-02T23:42:41.562+0000] {logging_mixin.py:188} INFO - [2024-03-02T23:42:41.561+0000] {dagbag.py:540} INFO - Filling up the DagBag from /home/airflow/.local/lib/python3.11/site-packages/airflow/example_dags/example_setup_teardown.py
[2024-03-02T23:42:41.567+0000] {processor.py:840} INFO - DAG(s) 'example_setup_teardown' retrieved from /home/airflow/.local/lib/python3.11/site-packages/airflow/example_dags/example_setup_teardown.py
[2024-03-02T23:42:41.586+0000] {logging_mixin.py:188} INFO - [2024-03-02T23:42:41.585+0000] {dag.py:3047} INFO - Sync 1 DAGs
[2024-03-02T23:42:41.599+0000] {logging_mixin.py:188} INFO - [2024-03-02T23:42:41.599+0000] {dag.py:3834} INFO - Setting next_dagrun for example_setup_teardown to 2024-03-01 00:00:00+00:00, run_after=2024-03-02 00:00:00+00:00
[2024-03-02T23:42:41.614+0000] {processor.py:183} INFO - Processing /home/airflow/.local/lib/python3.11/site-packages/airflow/example_dags/example_setup_teardown.py took 0.059 seconds
[2024-03-02T23:43:12.439+0000] {processor.py:161} INFO - Started process (PID=7398) to work on /home/airflow/.local/lib/python3.11/site-packages/airflow/example_dags/example_setup_teardown.py
[2024-03-02T23:43:12.440+0000] {processor.py:830} INFO - Processing file /home/airflow/.local/lib/python3.11/site-packages/airflow/example_dags/example_setup_teardown.py for tasks to queue
[2024-03-02T23:43:12.442+0000] {logging_mixin.py:188} INFO - [2024-03-02T23:43:12.442+0000] {dagbag.py:540} INFO - Filling up the DagBag from /home/airflow/.local/lib/python3.11/site-packages/airflow/example_dags/example_setup_teardown.py
[2024-03-02T23:43:12.446+0000] {processor.py:840} INFO - DAG(s) 'example_setup_teardown' retrieved from /home/airflow/.local/lib/python3.11/site-packages/airflow/example_dags/example_setup_teardown.py
[2024-03-02T23:43:12.457+0000] {logging_mixin.py:188} INFO - [2024-03-02T23:43:12.457+0000] {dag.py:3047} INFO - Sync 1 DAGs
[2024-03-02T23:43:12.467+0000] {logging_mixin.py:188} INFO - [2024-03-02T23:43:12.467+0000] {dag.py:3834} INFO - Setting next_dagrun for example_setup_teardown to 2024-03-01 00:00:00+00:00, run_after=2024-03-02 00:00:00+00:00
[2024-03-02T23:43:12.476+0000] {processor.py:183} INFO - Processing /home/airflow/.local/lib/python3.11/site-packages/airflow/example_dags/example_setup_teardown.py took 0.040 seconds
[2024-03-02T23:43:42.755+0000] {processor.py:161} INFO - Started process (PID=7454) to work on /home/airflow/.local/lib/python3.11/site-packages/airflow/example_dags/example_setup_teardown.py
[2024-03-02T23:43:42.756+0000] {processor.py:830} INFO - Processing file /home/airflow/.local/lib/python3.11/site-packages/airflow/example_dags/example_setup_teardown.py for tasks to queue
[2024-03-02T23:43:42.757+0000] {logging_mixin.py:188} INFO - [2024-03-02T23:43:42.757+0000] {dagbag.py:540} INFO - Filling up the DagBag from /home/airflow/.local/lib/python3.11/site-packages/airflow/example_dags/example_setup_teardown.py
[2024-03-02T23:43:42.763+0000] {processor.py:840} INFO - DAG(s) 'example_setup_teardown' retrieved from /home/airflow/.local/lib/python3.11/site-packages/airflow/example_dags/example_setup_teardown.py
[2024-03-02T23:43:42.775+0000] {logging_mixin.py:188} INFO - [2024-03-02T23:43:42.775+0000] {dag.py:3047} INFO - Sync 1 DAGs
[2024-03-02T23:43:42.788+0000] {logging_mixin.py:188} INFO - [2024-03-02T23:43:42.788+0000] {dag.py:3834} INFO - Setting next_dagrun for example_setup_teardown to 2024-03-01 00:00:00+00:00, run_after=2024-03-02 00:00:00+00:00
[2024-03-02T23:43:42.800+0000] {processor.py:183} INFO - Processing /home/airflow/.local/lib/python3.11/site-packages/airflow/example_dags/example_setup_teardown.py took 0.048 seconds
