[2024-03-02T23:42:41.825+0000] {processor.py:161} INFO - Started process (PID=7351) to work on /home/airflow/.local/lib/python3.11/site-packages/airflow/example_dags/example_task_group.py
[2024-03-02T23:42:41.825+0000] {processor.py:830} INFO - Processing file /home/airflow/.local/lib/python3.11/site-packages/airflow/example_dags/example_task_group.py for tasks to queue
[2024-03-02T23:42:41.826+0000] {logging_mixin.py:188} INFO - [2024-03-02T23:42:41.826+0000] {dagbag.py:540} INFO - Filling up the DagBag from /home/airflow/.local/lib/python3.11/site-packages/airflow/example_dags/example_task_group.py
[2024-03-02T23:42:41.830+0000] {processor.py:840} INFO - DAG(s) 'example_task_group' retrieved from /home/airflow/.local/lib/python3.11/site-packages/airflow/example_dags/example_task_group.py
[2024-03-02T23:42:41.842+0000] {logging_mixin.py:188} INFO - [2024-03-02T23:42:41.842+0000] {dag.py:3047} INFO - Sync 1 DAGs
[2024-03-02T23:42:41.851+0000] {logging_mixin.py:188} INFO - [2024-03-02T23:42:41.851+0000] {dag.py:3834} INFO - Setting next_dagrun for example_task_group to 2024-03-01 00:00:00+00:00, run_after=2024-03-02 00:00:00+00:00
[2024-03-02T23:42:41.859+0000] {processor.py:183} INFO - Processing /home/airflow/.local/lib/python3.11/site-packages/airflow/example_dags/example_task_group.py took 0.037 seconds
[2024-03-02T23:43:12.725+0000] {processor.py:161} INFO - Started process (PID=7407) to work on /home/airflow/.local/lib/python3.11/site-packages/airflow/example_dags/example_task_group.py
[2024-03-02T23:43:12.725+0000] {processor.py:830} INFO - Processing file /home/airflow/.local/lib/python3.11/site-packages/airflow/example_dags/example_task_group.py for tasks to queue
[2024-03-02T23:43:12.727+0000] {logging_mixin.py:188} INFO - [2024-03-02T23:43:12.726+0000] {dagbag.py:540} INFO - Filling up the DagBag from /home/airflow/.local/lib/python3.11/site-packages/airflow/example_dags/example_task_group.py
[2024-03-02T23:43:12.730+0000] {processor.py:840} INFO - DAG(s) 'example_task_group' retrieved from /home/airflow/.local/lib/python3.11/site-packages/airflow/example_dags/example_task_group.py
[2024-03-02T23:43:12.741+0000] {logging_mixin.py:188} INFO - [2024-03-02T23:43:12.741+0000] {dag.py:3047} INFO - Sync 1 DAGs
[2024-03-02T23:43:12.750+0000] {logging_mixin.py:188} INFO - [2024-03-02T23:43:12.750+0000] {dag.py:3834} INFO - Setting next_dagrun for example_task_group to 2024-03-01 00:00:00+00:00, run_after=2024-03-02 00:00:00+00:00
[2024-03-02T23:43:12.758+0000] {processor.py:183} INFO - Processing /home/airflow/.local/lib/python3.11/site-packages/airflow/example_dags/example_task_group.py took 0.035 seconds
[2024-03-02T23:43:43.174+0000] {processor.py:161} INFO - Started process (PID=7463) to work on /home/airflow/.local/lib/python3.11/site-packages/airflow/example_dags/example_task_group.py
[2024-03-02T23:43:43.175+0000] {processor.py:830} INFO - Processing file /home/airflow/.local/lib/python3.11/site-packages/airflow/example_dags/example_task_group.py for tasks to queue
[2024-03-02T23:43:43.178+0000] {logging_mixin.py:188} INFO - [2024-03-02T23:43:43.177+0000] {dagbag.py:540} INFO - Filling up the DagBag from /home/airflow/.local/lib/python3.11/site-packages/airflow/example_dags/example_task_group.py
[2024-03-02T23:43:43.184+0000] {processor.py:840} INFO - DAG(s) 'example_task_group' retrieved from /home/airflow/.local/lib/python3.11/site-packages/airflow/example_dags/example_task_group.py
[2024-03-02T23:43:43.197+0000] {logging_mixin.py:188} INFO - [2024-03-02T23:43:43.196+0000] {dag.py:3047} INFO - Sync 1 DAGs
[2024-03-02T23:43:43.215+0000] {logging_mixin.py:188} INFO - [2024-03-02T23:43:43.215+0000] {dag.py:3834} INFO - Setting next_dagrun for example_task_group to 2024-03-01 00:00:00+00:00, run_after=2024-03-02 00:00:00+00:00
[2024-03-02T23:43:43.237+0000] {processor.py:183} INFO - Processing /home/airflow/.local/lib/python3.11/site-packages/airflow/example_dags/example_task_group.py took 0.066 seconds
