[2024-03-02T23:42:41.872+0000] {processor.py:161} INFO - Started process (PID=7353) to work on /home/airflow/.local/lib/python3.11/site-packages/airflow/example_dags/tutorial.py
[2024-03-02T23:42:41.873+0000] {processor.py:830} INFO - Processing file /home/airflow/.local/lib/python3.11/site-packages/airflow/example_dags/tutorial.py for tasks to queue
[2024-03-02T23:42:41.874+0000] {logging_mixin.py:188} INFO - [2024-03-02T23:42:41.874+0000] {dagbag.py:540} INFO - Filling up the DagBag from /home/airflow/.local/lib/python3.11/site-packages/airflow/example_dags/tutorial.py
[2024-03-02T23:42:41.878+0000] {processor.py:840} INFO - DAG(s) 'tutorial' retrieved from /home/airflow/.local/lib/python3.11/site-packages/airflow/example_dags/tutorial.py
[2024-03-02T23:42:41.891+0000] {logging_mixin.py:188} INFO - [2024-03-02T23:42:41.891+0000] {dag.py:3047} INFO - Sync 1 DAGs
[2024-03-02T23:42:41.903+0000] {logging_mixin.py:188} INFO - [2024-03-02T23:42:41.902+0000] {dag.py:3834} INFO - Setting next_dagrun for tutorial to 2024-03-01 00:00:00+00:00, run_after=2024-03-02 00:00:00+00:00
[2024-03-02T23:42:41.912+0000] {processor.py:183} INFO - Processing /home/airflow/.local/lib/python3.11/site-packages/airflow/example_dags/tutorial.py took 0.042 seconds
[2024-03-02T23:43:12.771+0000] {processor.py:161} INFO - Started process (PID=7409) to work on /home/airflow/.local/lib/python3.11/site-packages/airflow/example_dags/tutorial.py
[2024-03-02T23:43:12.772+0000] {processor.py:830} INFO - Processing file /home/airflow/.local/lib/python3.11/site-packages/airflow/example_dags/tutorial.py for tasks to queue
[2024-03-02T23:43:12.773+0000] {logging_mixin.py:188} INFO - [2024-03-02T23:43:12.772+0000] {dagbag.py:540} INFO - Filling up the DagBag from /home/airflow/.local/lib/python3.11/site-packages/airflow/example_dags/tutorial.py
[2024-03-02T23:43:12.776+0000] {processor.py:840} INFO - DAG(s) 'tutorial' retrieved from /home/airflow/.local/lib/python3.11/site-packages/airflow/example_dags/tutorial.py
[2024-03-02T23:43:12.785+0000] {logging_mixin.py:188} INFO - [2024-03-02T23:43:12.785+0000] {dag.py:3047} INFO - Sync 1 DAGs
[2024-03-02T23:43:12.795+0000] {logging_mixin.py:188} INFO - [2024-03-02T23:43:12.794+0000] {dag.py:3834} INFO - Setting next_dagrun for tutorial to 2024-03-01 00:00:00+00:00, run_after=2024-03-02 00:00:00+00:00
[2024-03-02T23:43:12.804+0000] {processor.py:183} INFO - Processing /home/airflow/.local/lib/python3.11/site-packages/airflow/example_dags/tutorial.py took 0.035 seconds
[2024-03-02T23:43:43.290+0000] {processor.py:161} INFO - Started process (PID=7465) to work on /home/airflow/.local/lib/python3.11/site-packages/airflow/example_dags/tutorial.py
[2024-03-02T23:43:43.291+0000] {processor.py:830} INFO - Processing file /home/airflow/.local/lib/python3.11/site-packages/airflow/example_dags/tutorial.py for tasks to queue
[2024-03-02T23:43:43.293+0000] {logging_mixin.py:188} INFO - [2024-03-02T23:43:43.293+0000] {dagbag.py:540} INFO - Filling up the DagBag from /home/airflow/.local/lib/python3.11/site-packages/airflow/example_dags/tutorial.py
[2024-03-02T23:43:43.298+0000] {processor.py:840} INFO - DAG(s) 'tutorial' retrieved from /home/airflow/.local/lib/python3.11/site-packages/airflow/example_dags/tutorial.py
[2024-03-02T23:43:43.309+0000] {logging_mixin.py:188} INFO - [2024-03-02T23:43:43.309+0000] {dag.py:3047} INFO - Sync 1 DAGs
[2024-03-02T23:43:43.324+0000] {logging_mixin.py:188} INFO - [2024-03-02T23:43:43.324+0000] {dag.py:3834} INFO - Setting next_dagrun for tutorial to 2024-03-01 00:00:00+00:00, run_after=2024-03-02 00:00:00+00:00
[2024-03-02T23:43:43.334+0000] {processor.py:183} INFO - Processing /home/airflow/.local/lib/python3.11/site-packages/airflow/example_dags/tutorial.py took 0.047 seconds
