[2024-03-02T23:42:41.630+0000] {processor.py:161} INFO - Started process (PID=7344) to work on /home/airflow/.local/lib/python3.11/site-packages/airflow/example_dags/tutorial_objectstorage.py
[2024-03-02T23:42:41.631+0000] {processor.py:830} INFO - Processing file /home/airflow/.local/lib/python3.11/site-packages/airflow/example_dags/tutorial_objectstorage.py for tasks to queue
[2024-03-02T23:42:41.633+0000] {logging_mixin.py:188} INFO - [2024-03-02T23:42:41.633+0000] {dagbag.py:540} INFO - Filling up the DagBag from /home/airflow/.local/lib/python3.11/site-packages/airflow/example_dags/tutorial_objectstorage.py
[2024-03-02T23:42:41.638+0000] {processor.py:840} INFO - DAG(s) 'tutorial_objectstorage' retrieved from /home/airflow/.local/lib/python3.11/site-packages/airflow/example_dags/tutorial_objectstorage.py
[2024-03-02T23:42:41.651+0000] {logging_mixin.py:188} INFO - [2024-03-02T23:42:41.651+0000] {dag.py:3047} INFO - Sync 1 DAGs
[2024-03-02T23:42:41.658+0000] {logging_mixin.py:188} INFO - [2024-03-02T23:42:41.657+0000] {dag.py:3834} INFO - Setting next_dagrun for tutorial_objectstorage to None, run_after=None
[2024-03-02T23:42:41.669+0000] {processor.py:183} INFO - Processing /home/airflow/.local/lib/python3.11/site-packages/airflow/example_dags/tutorial_objectstorage.py took 0.041 seconds
[2024-03-02T23:43:12.491+0000] {processor.py:161} INFO - Started process (PID=7400) to work on /home/airflow/.local/lib/python3.11/site-packages/airflow/example_dags/tutorial_objectstorage.py
[2024-03-02T23:43:12.491+0000] {processor.py:830} INFO - Processing file /home/airflow/.local/lib/python3.11/site-packages/airflow/example_dags/tutorial_objectstorage.py for tasks to queue
[2024-03-02T23:43:12.493+0000] {logging_mixin.py:188} INFO - [2024-03-02T23:43:12.492+0000] {dagbag.py:540} INFO - Filling up the DagBag from /home/airflow/.local/lib/python3.11/site-packages/airflow/example_dags/tutorial_objectstorage.py
[2024-03-02T23:43:12.497+0000] {processor.py:840} INFO - DAG(s) 'tutorial_objectstorage' retrieved from /home/airflow/.local/lib/python3.11/site-packages/airflow/example_dags/tutorial_objectstorage.py
[2024-03-02T23:43:12.507+0000] {logging_mixin.py:188} INFO - [2024-03-02T23:43:12.507+0000] {dag.py:3047} INFO - Sync 1 DAGs
[2024-03-02T23:43:12.513+0000] {logging_mixin.py:188} INFO - [2024-03-02T23:43:12.513+0000] {dag.py:3834} INFO - Setting next_dagrun for tutorial_objectstorage to None, run_after=None
[2024-03-02T23:43:12.523+0000] {processor.py:183} INFO - Processing /home/airflow/.local/lib/python3.11/site-packages/airflow/example_dags/tutorial_objectstorage.py took 0.034 seconds
[2024-03-02T23:43:42.866+0000] {processor.py:161} INFO - Started process (PID=7456) to work on /home/airflow/.local/lib/python3.11/site-packages/airflow/example_dags/tutorial_objectstorage.py
[2024-03-02T23:43:42.867+0000] {processor.py:830} INFO - Processing file /home/airflow/.local/lib/python3.11/site-packages/airflow/example_dags/tutorial_objectstorage.py for tasks to queue
[2024-03-02T23:43:42.869+0000] {logging_mixin.py:188} INFO - [2024-03-02T23:43:42.868+0000] {dagbag.py:540} INFO - Filling up the DagBag from /home/airflow/.local/lib/python3.11/site-packages/airflow/example_dags/tutorial_objectstorage.py
[2024-03-02T23:43:42.874+0000] {processor.py:840} INFO - DAG(s) 'tutorial_objectstorage' retrieved from /home/airflow/.local/lib/python3.11/site-packages/airflow/example_dags/tutorial_objectstorage.py
[2024-03-02T23:43:42.888+0000] {logging_mixin.py:188} INFO - [2024-03-02T23:43:42.888+0000] {dag.py:3047} INFO - Sync 1 DAGs
[2024-03-02T23:43:42.896+0000] {logging_mixin.py:188} INFO - [2024-03-02T23:43:42.896+0000] {dag.py:3834} INFO - Setting next_dagrun for tutorial_objectstorage to None, run_after=None
[2024-03-02T23:43:42.907+0000] {processor.py:183} INFO - Processing /home/airflow/.local/lib/python3.11/site-packages/airflow/example_dags/tutorial_objectstorage.py took 0.043 seconds
